<?xml version="1.0" encoding="UTF-8"?>
<testsuite name="com.gruntik.hibernateex.userorder.UserOrderTests" tests="1" skipped="0" failures="0" errors="0" timestamp="2022-06-07T18:52:34" hostname="GIGOR" time="0.573">
  <properties/>
  <testcase name="lazy()" classname="com.gruntik.hibernateex.userorder.UserOrderTests" time="0.573"/>
  <system-out><![CDATA[21:52:29.408 [Test worker] DEBUG org.springframework.test.context.BootstrapUtils - Instantiating CacheAwareContextLoaderDelegate from class [org.springframework.test.context.cache.DefaultCacheAwareContextLoaderDelegate]
21:52:29.420 [Test worker] DEBUG org.springframework.test.context.BootstrapUtils - Instantiating BootstrapContext using constructor [public org.springframework.test.context.support.DefaultBootstrapContext(java.lang.Class,org.springframework.test.context.CacheAwareContextLoaderDelegate)]
21:52:29.458 [Test worker] DEBUG org.springframework.test.context.BootstrapUtils - Instantiating TestContextBootstrapper for test class [com.gruntik.hibernateex.userorder.UserOrderTests] from class [org.springframework.boot.test.context.SpringBootTestContextBootstrapper]
21:52:29.467 [Test worker] INFO org.springframework.boot.test.context.SpringBootTestContextBootstrapper - Neither @ContextConfiguration nor @ContextHierarchy found for test class [com.gruntik.hibernateex.userorder.UserOrderTests], using SpringBootContextLoader
21:52:29.471 [Test worker] DEBUG org.springframework.test.context.support.AbstractContextLoader - Did not detect default resource location for test class [com.gruntik.hibernateex.userorder.UserOrderTests]: class path resource [com/gruntik/hibernateex/userorder/UserOrderTests-context.xml] does not exist
21:52:29.471 [Test worker] DEBUG org.springframework.test.context.support.AbstractContextLoader - Did not detect default resource location for test class [com.gruntik.hibernateex.userorder.UserOrderTests]: class path resource [com/gruntik/hibernateex/userorder/UserOrderTestsContext.groovy] does not exist
21:52:29.472 [Test worker] INFO org.springframework.test.context.support.AbstractContextLoader - Could not detect default resource locations for test class [com.gruntik.hibernateex.userorder.UserOrderTests]: no resource found for suffixes {-context.xml, Context.groovy}.
21:52:29.472 [Test worker] INFO org.springframework.test.context.support.AnnotationConfigContextLoaderUtils - Could not detect default configuration classes for test class [com.gruntik.hibernateex.userorder.UserOrderTests]: UserOrderTests does not declare any static, non-private, non-final, nested classes annotated with @Configuration.
21:52:29.523 [Test worker] DEBUG org.springframework.test.context.support.ActiveProfilesUtils - Could not find an 'annotation declaring class' for annotation type [org.springframework.test.context.ActiveProfiles] and class [com.gruntik.hibernateex.userorder.UserOrderTests]
21:52:29.598 [Test worker] DEBUG org.springframework.context.annotation.ClassPathScanningCandidateComponentProvider - Identified candidate component class: file [D:\MyProjects\HibernateEx\build\classes\java\main\com\gruntik\hibernateex\Main.class]
21:52:29.600 [Test worker] INFO org.springframework.boot.test.context.SpringBootTestContextBootstrapper - Found @SpringBootConfiguration com.gruntik.hibernateex.Main for test class com.gruntik.hibernateex.userorder.UserOrderTests
21:52:29.703 [Test worker] DEBUG org.springframework.boot.test.context.SpringBootTestContextBootstrapper - @TestExecutionListeners is not present for class [com.gruntik.hibernateex.userorder.UserOrderTests]: using defaults.
21:52:29.704 [Test worker] INFO org.springframework.boot.test.context.SpringBootTestContextBootstrapper - Loaded default TestExecutionListener class names from location [META-INF/spring.factories]: [org.springframework.boot.test.autoconfigure.restdocs.RestDocsTestExecutionListener, org.springframework.boot.test.autoconfigure.web.client.MockRestServiceServerResetTestExecutionListener, org.springframework.boot.test.autoconfigure.web.servlet.MockMvcPrintOnlyOnFailureTestExecutionListener, org.springframework.boot.test.autoconfigure.web.servlet.WebDriverTestExecutionListener, org.springframework.boot.test.autoconfigure.webservices.client.MockWebServiceServerTestExecutionListener, org.springframework.boot.test.mock.mockito.MockitoTestExecutionListener, org.springframework.boot.test.mock.mockito.ResetMocksTestExecutionListener, org.springframework.test.context.web.ServletTestExecutionListener, org.springframework.test.context.support.DirtiesContextBeforeModesTestExecutionListener, org.springframework.test.context.event.ApplicationEventsTestExecutionListener, org.springframework.test.context.support.DependencyInjectionTestExecutionListener, org.springframework.test.context.support.DirtiesContextTestExecutionListener, org.springframework.test.context.transaction.TransactionalTestExecutionListener, org.springframework.test.context.jdbc.SqlScriptsTestExecutionListener, org.springframework.test.context.event.EventPublishingTestExecutionListener]
21:52:29.720 [Test worker] INFO org.springframework.boot.test.context.SpringBootTestContextBootstrapper - Using TestExecutionListeners: [org.springframework.test.context.web.ServletTestExecutionListener@bce02b5, org.springframework.test.context.support.DirtiesContextBeforeModesTestExecutionListener@162da24, org.springframework.test.context.event.ApplicationEventsTestExecutionListener@321ec0d0, org.springframework.boot.test.mock.mockito.MockitoTestExecutionListener@6ad3c382, org.springframework.boot.test.autoconfigure.SpringBootDependencyInjectionTestExecutionListener@1173afc7, org.springframework.test.context.support.DirtiesContextTestExecutionListener@657f437, org.springframework.test.context.transaction.TransactionalTestExecutionListener@428bac6d, org.springframework.test.context.jdbc.SqlScriptsTestExecutionListener@3630a86d, org.springframework.test.context.event.EventPublishingTestExecutionListener@3a3124fb, org.springframework.boot.test.autoconfigure.restdocs.RestDocsTestExecutionListener@37e89c6, org.springframework.boot.test.autoconfigure.web.client.MockRestServiceServerResetTestExecutionListener@1c09a500, org.springframework.boot.test.autoconfigure.web.servlet.MockMvcPrintOnlyOnFailureTestExecutionListener@2f49052c, org.springframework.boot.test.autoconfigure.web.servlet.WebDriverTestExecutionListener@1c6cfac2, org.springframework.boot.test.autoconfigure.webservices.client.MockWebServiceServerTestExecutionListener@6bab6030, org.springframework.boot.test.mock.mockito.ResetMocksTestExecutionListener@3a5be9e0]
21:52:29.723 [Test worker] DEBUG org.springframework.test.context.support.AbstractDirtiesContextTestExecutionListener - Before test class: context [DefaultTestContext@32ca9cad testClass = UserOrderTests, testInstance = [null], testMethod = [null], testException = [null], mergedContextConfiguration = [WebMergedContextConfiguration@12cab134 testClass = UserOrderTests, locations = '{}', classes = '{class com.gruntik.hibernateex.Main}', contextInitializerClasses = '[]', activeProfiles = '{}', propertySourceLocations = '{}', propertySourceProperties = '{org.springframework.boot.test.context.SpringBootTestContextBootstrapper=true}', contextCustomizers = set[org.springframework.boot.test.autoconfigure.actuate.metrics.MetricsExportContextCustomizerFactory$DisableMetricExportContextCustomizer@77eb6e3d, org.springframework.boot.test.autoconfigure.properties.PropertyMappingContextCustomizer@0, org.springframework.boot.test.autoconfigure.web.servlet.WebDriverContextCustomizerFactory$Customizer@77e7fd3d, org.springframework.boot.test.context.filter.ExcludeFilterContextCustomizer@38c48c12, org.springframework.boot.test.json.DuplicateJsonObjectContextCustomizerFactory$DuplicateJsonObjectContextCustomizer@19e86a20, org.springframework.boot.test.mock.mockito.MockitoContextCustomizer@0, org.springframework.boot.test.web.client.TestRestTemplateContextCustomizer@3d85fc79, org.springframework.boot.test.context.SpringBootTestArgs@1, org.springframework.boot.test.context.SpringBootTestWebEnvironment@64e77a75], resourceBasePath = 'src/main/webapp', contextLoader = 'org.springframework.boot.test.context.SpringBootContextLoader', parent = [null]], attributes = map['org.springframework.test.context.web.ServletTestExecutionListener.activateListener' -> true]], class annotated with @DirtiesContext [false] with mode [null].
21:52:29.783 [Test worker] DEBUG org.jboss.logging - Logging Provider: org.jboss.logging.Log4j2LoggerProvider
21:52:29.791 [Test worker] DEBUG org.hibernate.integrator.internal.IntegratorServiceImpl - Adding Integrator [org.hibernate.cfg.beanvalidation.BeanValidationIntegrator].
21:52:29.792 [Test worker] DEBUG org.hibernate.integrator.internal.IntegratorServiceImpl - Adding Integrator [org.hibernate.secure.spi.JaccIntegrator].
21:52:29.796 [Test worker] DEBUG org.hibernate.integrator.internal.IntegratorServiceImpl - Adding Integrator [org.hibernate.cache.internal.CollectionCacheInvalidator].
21:52:29.819 [Test worker] INFO org.hibernate.Version - HHH000412: Hibernate ORM core version 5.6.9.Final
21:52:29.820 [Test worker] DEBUG org.hibernate.cfg.Environment - HHH000206: hibernate.properties not found
21:52:30.019 [Test worker] DEBUG org.hibernate.integrator.internal.IntegratorServiceImpl - Adding Integrator [org.hibernate.cfg.beanvalidation.BeanValidationIntegrator].
21:52:30.019 [Test worker] DEBUG org.hibernate.integrator.internal.IntegratorServiceImpl - Adding Integrator [org.hibernate.secure.spi.JaccIntegrator].
21:52:30.020 [Test worker] DEBUG org.hibernate.integrator.internal.IntegratorServiceImpl - Adding Integrator [org.hibernate.cache.internal.CollectionCacheInvalidator].
21:52:30.028 [Test worker] DEBUG org.hibernate.service.spi.ServiceBinding - Overriding existing service binding [org.hibernate.secure.spi.JaccService]
21:52:30.029 [Test worker] DEBUG org.hibernate.cfg.Configuration - Building session factory using provided StandardServiceRegistry
21:52:30.047 [Test worker] DEBUG org.hibernate.cache.internal.RegionFactoryInitiator - Cannot default RegionFactory based on registered strategies as `[]` RegionFactory strategies were registered
21:52:30.049 [Test worker] DEBUG org.hibernate.cache.internal.RegionFactoryInitiator - Cache region factory : org.hibernate.cache.internal.NoCachingRegionFactory
21:52:30.070 [Test worker] INFO org.hibernate.annotations.common.Version - HCANN000001: Hibernate Commons Annotations {5.1.2.Final}
21:52:30.106 [Test worker] DEBUG org.hibernate.type.BasicTypeRegistry - Adding type registration boolean -> org.hibernate.type.BooleanType@5169f0f9
21:52:30.106 [Test worker] DEBUG org.hibernate.type.BasicTypeRegistry - Adding type registration boolean -> org.hibernate.type.BooleanType@5169f0f9
21:52:30.106 [Test worker] DEBUG org.hibernate.type.BasicTypeRegistry - Adding type registration java.lang.Boolean -> org.hibernate.type.BooleanType@5169f0f9
21:52:30.107 [Test worker] DEBUG org.hibernate.type.BasicTypeRegistry - Adding type registration numeric_boolean -> org.hibernate.type.NumericBooleanType@480001
21:52:30.108 [Test worker] DEBUG org.hibernate.type.BasicTypeRegistry - Adding type registration true_false -> org.hibernate.type.TrueFalseType@71cb3002
21:52:30.109 [Test worker] DEBUG org.hibernate.type.BasicTypeRegistry - Adding type registration yes_no -> org.hibernate.type.YesNoType@6d0c57a6
21:52:30.111 [Test worker] DEBUG org.hibernate.type.BasicTypeRegistry - Adding type registration byte -> org.hibernate.type.ByteType@42201b71
21:52:30.111 [Test worker] DEBUG org.hibernate.type.BasicTypeRegistry - Adding type registration byte -> org.hibernate.type.ByteType@42201b71
21:52:30.111 [Test worker] DEBUG org.hibernate.type.BasicTypeRegistry - Adding type registration java.lang.Byte -> org.hibernate.type.ByteType@42201b71
21:52:30.112 [Test worker] DEBUG org.hibernate.type.BasicTypeRegistry - Adding type registration character -> org.hibernate.type.CharacterType@67864e36
21:52:30.112 [Test worker] DEBUG org.hibernate.type.BasicTypeRegistry - Adding type registration char -> org.hibernate.type.CharacterType@67864e36
21:52:30.113 [Test worker] DEBUG org.hibernate.type.BasicTypeRegistry - Adding type registration java.lang.Character -> org.hibernate.type.CharacterType@67864e36
21:52:30.114 [Test worker] DEBUG org.hibernate.type.BasicTypeRegistry - Adding type registration short -> org.hibernate.type.ShortType@15c12e0a
21:52:30.114 [Test worker] DEBUG org.hibernate.type.BasicTypeRegistry - Adding type registration short -> org.hibernate.type.ShortType@15c12e0a
21:52:30.114 [Test worker] DEBUG org.hibernate.type.BasicTypeRegistry - Adding type registration java.lang.Short -> org.hibernate.type.ShortType@15c12e0a
21:52:30.116 [Test worker] DEBUG org.hibernate.type.BasicTypeRegistry - Adding type registration integer -> org.hibernate.type.IntegerType@22d56e95
21:52:30.116 [Test worker] DEBUG org.hibernate.type.BasicTypeRegistry - Adding type registration int -> org.hibernate.type.IntegerType@22d56e95
21:52:30.116 [Test worker] DEBUG org.hibernate.type.BasicTypeRegistry - Adding type registration java.lang.Integer -> org.hibernate.type.IntegerType@22d56e95
21:52:30.118 [Test worker] DEBUG org.hibernate.type.BasicTypeRegistry - Adding type registration long -> org.hibernate.type.LongType@25c21539
21:52:30.118 [Test worker] DEBUG org.hibernate.type.BasicTypeRegistry - Adding type registration long -> org.hibernate.type.LongType@25c21539
21:52:30.118 [Test worker] DEBUG org.hibernate.type.BasicTypeRegistry - Adding type registration java.lang.Long -> org.hibernate.type.LongType@25c21539
21:52:30.119 [Test worker] DEBUG org.hibernate.type.BasicTypeRegistry - Adding type registration float -> org.hibernate.type.FloatType@74cf487b
21:52:30.119 [Test worker] DEBUG org.hibernate.type.BasicTypeRegistry - Adding type registration float -> org.hibernate.type.FloatType@74cf487b
21:52:30.119 [Test worker] DEBUG org.hibernate.type.BasicTypeRegistry - Adding type registration java.lang.Float -> org.hibernate.type.FloatType@74cf487b
21:52:30.120 [Test worker] DEBUG org.hibernate.type.BasicTypeRegistry - Adding type registration double -> org.hibernate.type.DoubleType@55dd0db0
21:52:30.120 [Test worker] DEBUG org.hibernate.type.BasicTypeRegistry - Adding type registration double -> org.hibernate.type.DoubleType@55dd0db0
21:52:30.121 [Test worker] DEBUG org.hibernate.type.BasicTypeRegistry - Adding type registration java.lang.Double -> org.hibernate.type.DoubleType@55dd0db0
21:52:30.122 [Test worker] DEBUG org.hibernate.type.BasicTypeRegistry - Adding type registration big_decimal -> org.hibernate.type.BigDecimalType@2cfdcea8
21:52:30.122 [Test worker] DEBUG org.hibernate.type.BasicTypeRegistry - Adding type registration java.math.BigDecimal -> org.hibernate.type.BigDecimalType@2cfdcea8
21:52:30.124 [Test worker] DEBUG org.hibernate.type.BasicTypeRegistry - Adding type registration big_integer -> org.hibernate.type.BigIntegerType@5470e1f8
21:52:30.124 [Test worker] DEBUG org.hibernate.type.BasicTypeRegistry - Adding type registration java.math.BigInteger -> org.hibernate.type.BigIntegerType@5470e1f8
21:52:30.126 [Test worker] DEBUG org.hibernate.type.BasicTypeRegistry - Adding type registration string -> org.hibernate.type.StringType@5aa519e3
21:52:30.126 [Test worker] DEBUG org.hibernate.type.BasicTypeRegistry - Adding type registration java.lang.String -> org.hibernate.type.StringType@5aa519e3
21:52:30.127 [Test worker] DEBUG org.hibernate.type.BasicTypeRegistry - Adding type registration nstring -> org.hibernate.type.StringNVarcharType@68131c4
21:52:30.128 [Test worker] DEBUG org.hibernate.type.BasicTypeRegistry - Adding type registration ncharacter -> org.hibernate.type.CharacterNCharType@73fd1271
21:52:30.129 [Test worker] DEBUG org.hibernate.type.BasicTypeRegistry - Adding type registration url -> org.hibernate.type.UrlType@537378e4
21:52:30.130 [Test worker] DEBUG org.hibernate.type.BasicTypeRegistry - Adding type registration java.net.URL -> org.hibernate.type.UrlType@537378e4
21:52:30.131 [Test worker] DEBUG org.hibernate.type.BasicTypeRegistry - Adding type registration Duration -> org.hibernate.type.DurationType@72b0dd9c
21:52:30.131 [Test worker] DEBUG org.hibernate.type.BasicTypeRegistry - Adding type registration java.time.Duration -> org.hibernate.type.DurationType@72b0dd9c
21:52:30.132 [Test worker] DEBUG org.hibernate.type.BasicTypeRegistry - Adding type registration Instant -> org.hibernate.type.InstantType@287726ad
21:52:30.133 [Test worker] DEBUG org.hibernate.type.BasicTypeRegistry - Adding type registration java.time.Instant -> org.hibernate.type.InstantType@287726ad
21:52:30.134 [Test worker] DEBUG org.hibernate.type.BasicTypeRegistry - Adding type registration LocalDateTime -> org.hibernate.type.LocalDateTimeType@a519b88
21:52:30.135 [Test worker] DEBUG org.hibernate.type.BasicTypeRegistry - Adding type registration java.time.LocalDateTime -> org.hibernate.type.LocalDateTimeType@a519b88
21:52:30.136 [Test worker] DEBUG org.hibernate.type.BasicTypeRegistry - Adding type registration LocalDate -> org.hibernate.type.LocalDateType@20a41680
21:52:30.137 [Test worker] DEBUG org.hibernate.type.BasicTypeRegistry - Adding type registration java.time.LocalDate -> org.hibernate.type.LocalDateType@20a41680
21:52:30.138 [Test worker] DEBUG org.hibernate.type.BasicTypeRegistry - Adding type registration LocalTime -> org.hibernate.type.LocalTimeType@6f345b87
21:52:30.139 [Test worker] DEBUG org.hibernate.type.BasicTypeRegistry - Adding type registration java.time.LocalTime -> org.hibernate.type.LocalTimeType@6f345b87
21:52:30.140 [Test worker] DEBUG org.hibernate.type.BasicTypeRegistry - Adding type registration OffsetDateTime -> org.hibernate.type.OffsetDateTimeType@4fd759c0
21:52:30.141 [Test worker] DEBUG org.hibernate.type.BasicTypeRegistry - Adding type registration java.time.OffsetDateTime -> org.hibernate.type.OffsetDateTimeType@4fd759c0
21:52:30.142 [Test worker] DEBUG org.hibernate.type.BasicTypeRegistry - Adding type registration OffsetTime -> org.hibernate.type.OffsetTimeType@2d912fa0
21:52:30.143 [Test worker] DEBUG org.hibernate.type.BasicTypeRegistry - Adding type registration java.time.OffsetTime -> org.hibernate.type.OffsetTimeType@2d912fa0
21:52:30.146 [Test worker] DEBUG org.hibernate.type.BasicTypeRegistry - Adding type registration ZonedDateTime -> org.hibernate.type.ZonedDateTimeType@207a0e48
21:52:30.147 [Test worker] DEBUG org.hibernate.type.BasicTypeRegistry - Adding type registration java.time.ZonedDateTime -> org.hibernate.type.ZonedDateTimeType@207a0e48
21:52:30.149 [Test worker] DEBUG org.hibernate.type.BasicTypeRegistry - Adding type registration date -> org.hibernate.type.DateType@1ae33a86
21:52:30.150 [Test worker] DEBUG org.hibernate.type.BasicTypeRegistry - Adding type registration java.sql.Date -> org.hibernate.type.DateType@1ae33a86
21:52:30.152 [Test worker] DEBUG org.hibernate.type.BasicTypeRegistry - Adding type registration time -> org.hibernate.type.TimeType@591646c9
21:52:30.153 [Test worker] DEBUG org.hibernate.type.BasicTypeRegistry - Adding type registration java.sql.Time -> org.hibernate.type.TimeType@591646c9
21:52:30.155 [Test worker] DEBUG org.hibernate.type.BasicTypeRegistry - Adding type registration timestamp -> org.hibernate.type.TimestampType@4f2ddc4b
21:52:30.156 [Test worker] DEBUG org.hibernate.type.BasicTypeRegistry - Adding type registration java.sql.Timestamp -> org.hibernate.type.TimestampType@4f2ddc4b
21:52:30.156 [Test worker] DEBUG org.hibernate.type.BasicTypeRegistry - Adding type registration java.util.Date -> org.hibernate.type.TimestampType@4f2ddc4b
21:52:30.159 [Test worker] DEBUG org.hibernate.type.BasicTypeRegistry - Adding type registration dbtimestamp -> org.hibernate.type.DbTimestampType@670d02bb
21:52:30.161 [Test worker] DEBUG org.hibernate.type.BasicTypeRegistry - Adding type registration calendar -> org.hibernate.type.CalendarType@4eae19e7
21:52:30.161 [Test worker] DEBUG org.hibernate.type.BasicTypeRegistry - Adding type registration java.util.Calendar -> org.hibernate.type.CalendarType@4eae19e7
21:52:30.161 [Test worker] DEBUG org.hibernate.type.BasicTypeRegistry - Adding type registration java.util.GregorianCalendar -> org.hibernate.type.CalendarType@4eae19e7
21:52:30.162 [Test worker] DEBUG org.hibernate.type.BasicTypeRegistry - Adding type registration calendar_date -> org.hibernate.type.CalendarDateType@4b2456fc
21:52:30.164 [Test worker] DEBUG org.hibernate.type.BasicTypeRegistry - Adding type registration calendar_time -> org.hibernate.type.CalendarTimeType@129fb929
21:52:30.165 [Test worker] DEBUG org.hibernate.type.BasicTypeRegistry - Adding type registration locale -> org.hibernate.type.LocaleType@62a38b1c
21:52:30.166 [Test worker] DEBUG org.hibernate.type.BasicTypeRegistry - Adding type registration java.util.Locale -> org.hibernate.type.LocaleType@62a38b1c
21:52:30.167 [Test worker] DEBUG org.hibernate.type.BasicTypeRegistry - Adding type registration currency -> org.hibernate.type.CurrencyType@62895a6b
21:52:30.167 [Test worker] DEBUG org.hibernate.type.BasicTypeRegistry - Adding type registration java.util.Currency -> org.hibernate.type.CurrencyType@62895a6b
21:52:30.169 [Test worker] DEBUG org.hibernate.type.BasicTypeRegistry - Adding type registration timezone -> org.hibernate.type.TimeZoneType@255d6428
21:52:30.169 [Test worker] DEBUG org.hibernate.type.BasicTypeRegistry - Adding type registration java.util.TimeZone -> org.hibernate.type.TimeZoneType@255d6428
21:52:30.170 [Test worker] DEBUG org.hibernate.type.BasicTypeRegistry - Adding type registration class -> org.hibernate.type.ClassType@206d7b2f
21:52:30.170 [Test worker] DEBUG org.hibernate.type.BasicTypeRegistry - Adding type registration java.lang.Class -> org.hibernate.type.ClassType@206d7b2f
21:52:30.172 [Test worker] DEBUG org.hibernate.type.BasicTypeRegistry - Adding type registration uuid-binary -> org.hibernate.type.UUIDBinaryType@52476176
21:52:30.172 [Test worker] DEBUG org.hibernate.type.BasicTypeRegistry - Adding type registration java.util.UUID -> org.hibernate.type.UUIDBinaryType@52476176
21:52:30.173 [Test worker] DEBUG org.hibernate.type.BasicTypeRegistry - Adding type registration uuid-char -> org.hibernate.type.UUIDCharType@301690fc
21:52:30.174 [Test worker] DEBUG org.hibernate.type.BasicTypeRegistry - Adding type registration binary -> org.hibernate.type.BinaryType@1d27885d
21:52:30.175 [Test worker] DEBUG org.hibernate.type.BasicTypeRegistry - Adding type registration byte[] -> org.hibernate.type.BinaryType@1d27885d
21:52:30.175 [Test worker] DEBUG org.hibernate.type.BasicTypeRegistry - Adding type registration [B -> org.hibernate.type.BinaryType@1d27885d
21:52:30.176 [Test worker] DEBUG org.hibernate.type.BasicTypeRegistry - Adding type registration wrapper-binary -> org.hibernate.type.WrapperBinaryType@6e4d38cf
21:52:30.176 [Test worker] DEBUG org.hibernate.type.BasicTypeRegistry - Adding type registration Byte[] -> org.hibernate.type.WrapperBinaryType@6e4d38cf
21:52:30.177 [Test worker] DEBUG org.hibernate.type.BasicTypeRegistry - Adding type registration [Ljava.lang.Byte; -> org.hibernate.type.WrapperBinaryType@6e4d38cf
21:52:30.178 [Test worker] DEBUG org.hibernate.type.BasicTypeRegistry - Adding type registration row_version -> org.hibernate.type.RowVersionType@595d2e67
21:52:30.179 [Test worker] DEBUG org.hibernate.type.BasicTypeRegistry - Adding type registration image -> org.hibernate.type.ImageType@f6503d2
21:52:30.180 [Test worker] DEBUG org.hibernate.type.BasicTypeRegistry - Adding type registration characters -> org.hibernate.type.CharArrayType@2fd50b35
21:52:30.181 [Test worker] DEBUG org.hibernate.type.BasicTypeRegistry - Adding type registration char[] -> org.hibernate.type.CharArrayType@2fd50b35
21:52:30.181 [Test worker] DEBUG org.hibernate.type.BasicTypeRegistry - Adding type registration [C -> org.hibernate.type.CharArrayType@2fd50b35
21:52:30.183 [Test worker] DEBUG org.hibernate.type.BasicTypeRegistry - Adding type registration wrapper-characters -> org.hibernate.type.CharacterArrayType@a668068
21:52:30.183 [Test worker] DEBUG org.hibernate.type.BasicTypeRegistry - Adding type registration [Ljava.lang.Character; -> org.hibernate.type.CharacterArrayType@a668068
21:52:30.184 [Test worker] DEBUG org.hibernate.type.BasicTypeRegistry - Adding type registration Character[] -> org.hibernate.type.CharacterArrayType@a668068
21:52:30.185 [Test worker] DEBUG org.hibernate.type.BasicTypeRegistry - Adding type registration text -> org.hibernate.type.TextType@64b334a8
21:52:30.186 [Test worker] DEBUG org.hibernate.type.BasicTypeRegistry - Adding type registration ntext -> org.hibernate.type.NTextType@436967dc
21:52:30.189 [Test worker] DEBUG org.hibernate.type.BasicTypeRegistry - Adding type registration blob -> org.hibernate.type.BlobType@197227aa
21:52:30.189 [Test worker] DEBUG org.hibernate.type.BasicTypeRegistry - Adding type registration java.sql.Blob -> org.hibernate.type.BlobType@197227aa
21:52:30.190 [Test worker] DEBUG org.hibernate.type.BasicTypeRegistry - Adding type registration materialized_blob -> org.hibernate.type.MaterializedBlobType@4aba788d
21:52:30.192 [Test worker] DEBUG org.hibernate.type.BasicTypeRegistry - Adding type registration clob -> org.hibernate.type.ClobType@2adb3277
21:52:30.193 [Test worker] DEBUG org.hibernate.type.BasicTypeRegistry - Adding type registration java.sql.Clob -> org.hibernate.type.ClobType@2adb3277
21:52:30.195 [Test worker] DEBUG org.hibernate.type.BasicTypeRegistry - Adding type registration nclob -> org.hibernate.type.NClobType@5fc009b6
21:52:30.195 [Test worker] DEBUG org.hibernate.type.BasicTypeRegistry - Adding type registration java.sql.NClob -> org.hibernate.type.NClobType@5fc009b6
21:52:30.196 [Test worker] DEBUG org.hibernate.type.BasicTypeRegistry - Adding type registration materialized_clob -> org.hibernate.type.MaterializedClobType@48b18d06
21:52:30.197 [Test worker] DEBUG org.hibernate.type.BasicTypeRegistry - Adding type registration materialized_nclob -> org.hibernate.type.MaterializedNClobType@65bac3b7
21:52:30.199 [Test worker] DEBUG org.hibernate.type.BasicTypeRegistry - Adding type registration serializable -> org.hibernate.type.SerializableType@37920b9e
21:52:30.203 [Test worker] DEBUG org.hibernate.type.BasicTypeRegistry - Adding type registration object -> org.hibernate.type.ObjectType@7ae8564a
21:52:30.203 [Test worker] DEBUG org.hibernate.type.BasicTypeRegistry - Adding type registration java.lang.Object -> org.hibernate.type.ObjectType@7ae8564a
21:52:30.204 [Test worker] DEBUG org.hibernate.type.BasicTypeRegistry - Adding type registration imm_date -> org.hibernate.type.AdaptedImmutableType@8157ca8
21:52:30.205 [Test worker] DEBUG org.hibernate.type.BasicTypeRegistry - Adding type registration imm_time -> org.hibernate.type.AdaptedImmutableType@66352f29
21:52:30.206 [Test worker] DEBUG org.hibernate.type.BasicTypeRegistry - Adding type registration imm_timestamp -> org.hibernate.type.AdaptedImmutableType@d0e854d
21:52:30.206 [Test worker] DEBUG org.hibernate.type.BasicTypeRegistry - Adding type registration imm_dbtimestamp -> org.hibernate.type.AdaptedImmutableType@44732f0
21:52:30.207 [Test worker] DEBUG org.hibernate.type.BasicTypeRegistry - Adding type registration imm_calendar -> org.hibernate.type.AdaptedImmutableType@2714eeec
21:52:30.207 [Test worker] DEBUG org.hibernate.type.BasicTypeRegistry - Adding type registration imm_calendar_date -> org.hibernate.type.AdaptedImmutableType@6897c140
21:52:30.207 [Test worker] DEBUG org.hibernate.type.BasicTypeRegistry - Adding type registration imm_binary -> org.hibernate.type.AdaptedImmutableType@114a15f2
21:52:30.207 [Test worker] DEBUG org.hibernate.type.BasicTypeRegistry - Adding type registration imm_serializable -> org.hibernate.type.AdaptedImmutableType@2c277599
21:52:30.270 [Test worker] DEBUG org.hibernate.id.factory.internal.DefaultIdentifierGeneratorFactory - Registering IdentifierGenerator strategy [uuid2] -> [org.hibernate.id.UUIDGenerator]
21:52:30.271 [Test worker] DEBUG org.hibernate.id.factory.internal.DefaultIdentifierGeneratorFactory - Registering IdentifierGenerator strategy [guid] -> [org.hibernate.id.GUIDGenerator]
21:52:30.272 [Test worker] DEBUG org.hibernate.id.factory.internal.DefaultIdentifierGeneratorFactory - Registering IdentifierGenerator strategy [uuid] -> [org.hibernate.id.UUIDHexGenerator]
21:52:30.272 [Test worker] DEBUG org.hibernate.id.factory.internal.DefaultIdentifierGeneratorFactory - Registering IdentifierGenerator strategy [uuid.hex] -> [org.hibernate.id.UUIDHexGenerator]
21:52:30.273 [Test worker] DEBUG org.hibernate.id.factory.internal.DefaultIdentifierGeneratorFactory - Registering IdentifierGenerator strategy [assigned] -> [org.hibernate.id.Assigned]
21:52:30.276 [Test worker] DEBUG org.hibernate.id.factory.internal.DefaultIdentifierGeneratorFactory - Registering IdentifierGenerator strategy [identity] -> [org.hibernate.id.IdentityGenerator]
21:52:30.277 [Test worker] DEBUG org.hibernate.id.factory.internal.DefaultIdentifierGeneratorFactory - Registering IdentifierGenerator strategy [select] -> [org.hibernate.id.SelectGenerator]
21:52:30.278 [Test worker] DEBUG org.hibernate.id.factory.internal.DefaultIdentifierGeneratorFactory - Registering IdentifierGenerator strategy [sequence] -> [org.hibernate.id.enhanced.SequenceStyleGenerator]
21:52:30.279 [Test worker] DEBUG org.hibernate.id.factory.internal.DefaultIdentifierGeneratorFactory - Registering IdentifierGenerator strategy [seqhilo] -> [org.hibernate.id.SequenceHiLoGenerator]
21:52:30.279 [Test worker] DEBUG org.hibernate.id.factory.internal.DefaultIdentifierGeneratorFactory - Registering IdentifierGenerator strategy [increment] -> [org.hibernate.id.IncrementGenerator]
21:52:30.280 [Test worker] DEBUG org.hibernate.id.factory.internal.DefaultIdentifierGeneratorFactory - Registering IdentifierGenerator strategy [foreign] -> [org.hibernate.id.ForeignGenerator]
21:52:30.280 [Test worker] DEBUG org.hibernate.id.factory.internal.DefaultIdentifierGeneratorFactory - Registering IdentifierGenerator strategy [sequence-identity] -> [org.hibernate.id.SequenceIdentityGenerator]
21:52:30.281 [Test worker] DEBUG org.hibernate.id.factory.internal.DefaultIdentifierGeneratorFactory - Registering IdentifierGenerator strategy [enhanced-sequence] -> [org.hibernate.id.enhanced.SequenceStyleGenerator]
21:52:30.282 [Test worker] DEBUG org.hibernate.id.factory.internal.DefaultIdentifierGeneratorFactory - Registering IdentifierGenerator strategy [enhanced-table] -> [org.hibernate.id.enhanced.TableGenerator]
21:52:30.288 [Test worker] WARN org.hibernate.orm.connections.pooling - HHH10001002: Using Hibernate built-in connection pool (not for production use!)
21:52:30.293 [Test worker] INFO org.hibernate.orm.connections.pooling - HHH10001005: using driver [org.h2.Driver] at URL [jdbc:h2:mem:db:DB_CLOSE_DELAY=-1;DB_CLOSE_ON_EXIT=FALSE]
21:52:30.294 [Test worker] INFO org.hibernate.orm.connections.pooling - HHH10001001: Connection properties: {password=sa, user=sa}
21:52:30.294 [Test worker] INFO org.hibernate.orm.connections.pooling - HHH10001003: Autocommit mode: false
21:52:30.298 [Test worker] DEBUG org.hibernate.engine.jdbc.connections.internal.DriverManagerConnectionProviderImpl - Initializing Connection pool with 1 Connections
21:52:30.298 [Test worker] INFO org.hibernate.engine.jdbc.connections.internal.DriverManagerConnectionProviderImpl - HHH000115: Hibernate connection pool size: 20 (min=1)
21:52:30.431 [Test worker] DEBUG org.hibernate.engine.jdbc.env.internal.JdbcEnvironmentInitiator - Database ->
       name : H2
    version : 1.3.176 (2014-04-05)
      major : 1
      minor : 3
21:52:30.431 [Test worker] DEBUG org.hibernate.engine.jdbc.env.internal.JdbcEnvironmentInitiator - Driver ->
       name : H2 JDBC Driver
    version : 1.3.176 (2014-04-05)
      major : 1
      minor : 3
21:52:30.431 [Test worker] DEBUG org.hibernate.engine.jdbc.env.internal.JdbcEnvironmentInitiator - JDBC version : 4.0
21:52:30.445 [Test worker] INFO org.hibernate.dialect.Dialect - HHH000400: Using dialect: org.hibernate.dialect.H2Dialect
21:52:30.474 [Test worker] DEBUG org.hibernate.engine.jdbc.env.internal.DefaultSchemaNameResolver - Unable to use Java 1.7 Connection#getSchema
21:52:30.480 [Test worker] DEBUG org.hibernate.engine.jdbc.env.internal.JdbcEnvironmentImpl - Unable to resolve connection default schema
org.hibernate.HibernateException: Use of DefaultSchemaNameResolver requires Dialect to provide the proper SQL statement/command but provided Dialect [org.hibernate.dialect.H2Dialect] did not return anything from Dialect#getCurrentSchemaCommand
	at org.hibernate.engine.jdbc.env.internal.DefaultSchemaNameResolver$SchemaNameResolverFallbackDelegate.resolveSchemaName(DefaultSchemaNameResolver.java:100)
	at org.hibernate.engine.jdbc.env.internal.DefaultSchemaNameResolver.resolveSchemaName(DefaultSchemaNameResolver.java:76)
	at org.hibernate.engine.jdbc.env.internal.JdbcEnvironmentImpl.determineCurrentSchemaName(JdbcEnvironmentImpl.java:315)
	at org.hibernate.engine.jdbc.env.internal.JdbcEnvironmentImpl.<init>(JdbcEnvironmentImpl.java:273)
	at org.hibernate.engine.jdbc.env.internal.JdbcEnvironmentInitiator.initiateService(JdbcEnvironmentInitiator.java:114)
	at org.hibernate.engine.jdbc.env.internal.JdbcEnvironmentInitiator.initiateService(JdbcEnvironmentInitiator.java:35)
	at org.hibernate.boot.registry.internal.StandardServiceRegistryImpl.initiateService(StandardServiceRegistryImpl.java:101)
	at org.hibernate.service.internal.AbstractServiceRegistryImpl.createService(AbstractServiceRegistryImpl.java:263)
	at org.hibernate.service.internal.AbstractServiceRegistryImpl.initializeService(AbstractServiceRegistryImpl.java:237)
	at org.hibernate.service.internal.AbstractServiceRegistryImpl.getService(AbstractServiceRegistryImpl.java:214)
	at org.hibernate.id.factory.internal.DefaultIdentifierGeneratorFactory.injectServices(DefaultIdentifierGeneratorFactory.java:175)
	at org.hibernate.service.internal.AbstractServiceRegistryImpl.injectDependencies(AbstractServiceRegistryImpl.java:286)
	at org.hibernate.service.internal.AbstractServiceRegistryImpl.initializeService(AbstractServiceRegistryImpl.java:243)
	at org.hibernate.service.internal.AbstractServiceRegistryImpl.getService(AbstractServiceRegistryImpl.java:214)
	at org.hibernate.boot.internal.InFlightMetadataCollectorImpl.<init>(InFlightMetadataCollectorImpl.java:173)
	at org.hibernate.boot.model.process.spi.MetadataBuildingProcess.complete(MetadataBuildingProcess.java:127)
	at org.hibernate.boot.model.process.spi.MetadataBuildingProcess.build(MetadataBuildingProcess.java:86)
	at org.hibernate.boot.internal.MetadataBuilderImpl.build(MetadataBuilderImpl.java:479)
	at org.hibernate.boot.internal.MetadataBuilderImpl.build(MetadataBuilderImpl.java:85)
	at org.hibernate.cfg.Configuration.buildSessionFactory(Configuration.java:709)
	at com.gruntik.hibernateex.util.HibernateUtil.buildSessionFactory(HibernateUtil.java:48)
	at com.gruntik.hibernateex.util.HibernateUtil.getSessionFactory(HibernateUtil.java:55)
	at com.gruntik.hibernateex.userorder.UserOrderTests.<clinit>(UserOrderTests.java:21)
	at java.base/jdk.internal.reflect.NativeConstructorAccessorImpl.newInstance0(Native Method)
	at java.base/jdk.internal.reflect.NativeConstructorAccessorImpl.newInstance(NativeConstructorAccessorImpl.java:62)
	at java.base/jdk.internal.reflect.DelegatingConstructorAccessorImpl.newInstance(DelegatingConstructorAccessorImpl.java:45)
	at java.base/java.lang.reflect.Constructor.newInstance(Constructor.java:490)
	at org.junit.platform.commons.util.ReflectionUtils.newInstance(ReflectionUtils.java:550)
	at org.junit.jupiter.engine.execution.ConstructorInvocation.proceed(ConstructorInvocation.java:56)
	at org.junit.jupiter.engine.execution.InvocationInterceptorChain$ValidatingInvocation.proceed(InvocationInterceptorChain.java:131)
	at org.junit.jupiter.api.extension.InvocationInterceptor.interceptTestClassConstructor(InvocationInterceptor.java:73)
	at org.junit.jupiter.engine.execution.ExecutableInvoker.lambda$invoke$0(ExecutableInvoker.java:105)
	at org.junit.jupiter.engine.execution.InvocationInterceptorChain$InterceptedInvocation.proceed(InvocationInterceptorChain.java:106)
	at org.junit.jupiter.engine.execution.InvocationInterceptorChain.proceed(InvocationInterceptorChain.java:64)
	at org.junit.jupiter.engine.execution.InvocationInterceptorChain.chainAndInvoke(InvocationInterceptorChain.java:45)
	at org.junit.jupiter.engine.execution.InvocationInterceptorChain.invoke(InvocationInterceptorChain.java:37)
	at org.junit.jupiter.engine.execution.ExecutableInvoker.invoke(ExecutableInvoker.java:104)
	at org.junit.jupiter.engine.execution.ExecutableInvoker.invoke(ExecutableInvoker.java:77)
	at org.junit.jupiter.engine.descriptor.ClassBasedTestDescriptor.invokeTestClassConstructor(ClassBasedTestDescriptor.java:355)
	at org.junit.jupiter.engine.descriptor.ClassBasedTestDescriptor.instantiateTestClass(ClassBasedTestDescriptor.java:302)
	at org.junit.jupiter.engine.descriptor.ClassTestDescriptor.instantiateTestClass(ClassTestDescriptor.java:79)
	at org.junit.jupiter.engine.descriptor.ClassBasedTestDescriptor.instantiateAndPostProcessTestInstance(ClassBasedTestDescriptor.java:280)
	at org.junit.jupiter.engine.descriptor.ClassBasedTestDescriptor.lambda$testInstancesProvider$4(ClassBasedTestDescriptor.java:272)
	at java.base/java.util.Optional.orElseGet(Optional.java:369)
	at org.junit.jupiter.engine.descriptor.ClassBasedTestDescriptor.lambda$testInstancesProvider$5(ClassBasedTestDescriptor.java:271)
	at org.junit.jupiter.engine.execution.TestInstancesProvider.getTestInstances(TestInstancesProvider.java:31)
	at org.junit.jupiter.engine.descriptor.TestMethodTestDescriptor.lambda$prepare$0(TestMethodTestDescriptor.java:102)
	at org.junit.platform.engine.support.hierarchical.ThrowableCollector.execute(ThrowableCollector.java:73)
	at org.junit.jupiter.engine.descriptor.TestMethodTestDescriptor.prepare(TestMethodTestDescriptor.java:101)
	at org.junit.jupiter.engine.descriptor.TestMethodTestDescriptor.prepare(TestMethodTestDescriptor.java:66)
	at org.junit.platform.engine.support.hierarchical.NodeTestTask.lambda$prepare$2(NodeTestTask.java:123)
	at org.junit.platform.engine.support.hierarchical.ThrowableCollector.execute(ThrowableCollector.java:73)
	at org.junit.platform.engine.support.hierarchical.NodeTestTask.prepare(NodeTestTask.java:123)
	at org.junit.platform.engine.support.hierarchical.NodeTestTask.execute(NodeTestTask.java:90)
	at java.base/java.util.ArrayList.forEach(ArrayList.java:1541)
	at org.junit.platform.engine.support.hierarchical.SameThreadHierarchicalTestExecutorService.invokeAll(SameThreadHierarchicalTestExecutorService.java:41)
	at org.junit.platform.engine.support.hierarchical.NodeTestTask.lambda$executeRecursively$6(NodeTestTask.java:155)
	at org.junit.platform.engine.support.hierarchical.ThrowableCollector.execute(ThrowableCollector.java:73)
	at org.junit.platform.engine.support.hierarchical.NodeTestTask.lambda$executeRecursively$8(NodeTestTask.java:141)
	at org.junit.platform.engine.support.hierarchical.Node.around(Node.java:137)
	at org.junit.platform.engine.support.hierarchical.NodeTestTask.lambda$executeRecursively$9(NodeTestTask.java:139)
	at org.junit.platform.engine.support.hierarchical.ThrowableCollector.execute(ThrowableCollector.java:73)
	at org.junit.platform.engine.support.hierarchical.NodeTestTask.executeRecursively(NodeTestTask.java:138)
	at org.junit.platform.engine.support.hierarchical.NodeTestTask.execute(NodeTestTask.java:95)
	at java.base/java.util.ArrayList.forEach(ArrayList.java:1541)
	at org.junit.platform.engine.support.hierarchical.SameThreadHierarchicalTestExecutorService.invokeAll(SameThreadHierarchicalTestExecutorService.java:41)
	at org.junit.platform.engine.support.hierarchical.NodeTestTask.lambda$executeRecursively$6(NodeTestTask.java:155)
	at org.junit.platform.engine.support.hierarchical.ThrowableCollector.execute(ThrowableCollector.java:73)
	at org.junit.platform.engine.support.hierarchical.NodeTestTask.lambda$executeRecursively$8(NodeTestTask.java:141)
	at org.junit.platform.engine.support.hierarchical.Node.around(Node.java:137)
	at org.junit.platform.engine.support.hierarchical.NodeTestTask.lambda$executeRecursively$9(NodeTestTask.java:139)
	at org.junit.platform.engine.support.hierarchical.ThrowableCollector.execute(ThrowableCollector.java:73)
	at org.junit.platform.engine.support.hierarchical.NodeTestTask.executeRecursively(NodeTestTask.java:138)
	at org.junit.platform.engine.support.hierarchical.NodeTestTask.execute(NodeTestTask.java:95)
	at org.junit.platform.engine.support.hierarchical.SameThreadHierarchicalTestExecutorService.submit(SameThreadHierarchicalTestExecutorService.java:35)
	at org.junit.platform.engine.support.hierarchical.HierarchicalTestExecutor.execute(HierarchicalTestExecutor.java:57)
	at org.junit.platform.engine.support.hierarchical.HierarchicalTestEngine.execute(HierarchicalTestEngine.java:54)
	at org.junit.platform.launcher.core.EngineExecutionOrchestrator.execute(EngineExecutionOrchestrator.java:108)
	at org.junit.platform.launcher.core.EngineExecutionOrchestrator.execute(EngineExecutionOrchestrator.java:88)
	at org.junit.platform.launcher.core.EngineExecutionOrchestrator.lambda$execute$0(EngineExecutionOrchestrator.java:54)
	at org.junit.platform.launcher.core.EngineExecutionOrchestrator.withInterceptedStreams(EngineExecutionOrchestrator.java:67)
	at org.junit.platform.launcher.core.EngineExecutionOrchestrator.execute(EngineExecutionOrchestrator.java:52)
	at org.junit.platform.launcher.core.DefaultLauncher.execute(DefaultLauncher.java:96)
	at org.junit.platform.launcher.core.DefaultLauncher.execute(DefaultLauncher.java:75)
	at org.gradle.api.internal.tasks.testing.junitplatform.JUnitPlatformTestClassProcessor$CollectAllTestClassesExecutor.processAllTestClasses(JUnitPlatformTestClassProcessor.java:99)
	at org.gradle.api.internal.tasks.testing.junitplatform.JUnitPlatformTestClassProcessor$CollectAllTestClassesExecutor.access$000(JUnitPlatformTestClassProcessor.java:79)
	at org.gradle.api.internal.tasks.testing.junitplatform.JUnitPlatformTestClassProcessor.stop(JUnitPlatformTestClassProcessor.java:75)
	at org.gradle.api.internal.tasks.testing.SuiteTestClassProcessor.stop(SuiteTestClassProcessor.java:61)
	at java.base/jdk.internal.reflect.NativeMethodAccessorImpl.invoke0(Native Method)
	at java.base/jdk.internal.reflect.NativeMethodAccessorImpl.invoke(NativeMethodAccessorImpl.java:62)
	at java.base/jdk.internal.reflect.DelegatingMethodAccessorImpl.invoke(DelegatingMethodAccessorImpl.java:43)
	at java.base/java.lang.reflect.Method.invoke(Method.java:566)
	at org.gradle.internal.dispatch.ReflectionDispatch.dispatch(ReflectionDispatch.java:36)
	at org.gradle.internal.dispatch.ReflectionDispatch.dispatch(ReflectionDispatch.java:24)
	at org.gradle.internal.dispatch.ContextClassLoaderDispatch.dispatch(ContextClassLoaderDispatch.java:33)
	at org.gradle.internal.dispatch.ProxyDispatchAdapter$DispatchingInvocationHandler.invoke(ProxyDispatchAdapter.java:94)
	at com.sun.proxy.$Proxy2.stop(Unknown Source)
	at org.gradle.api.internal.tasks.testing.worker.TestWorker.stop(TestWorker.java:135)
	at java.base/jdk.internal.reflect.NativeMethodAccessorImpl.invoke0(Native Method)
	at java.base/jdk.internal.reflect.NativeMethodAccessorImpl.invoke(NativeMethodAccessorImpl.java:62)
	at java.base/jdk.internal.reflect.DelegatingMethodAccessorImpl.invoke(DelegatingMethodAccessorImpl.java:43)
	at java.base/java.lang.reflect.Method.invoke(Method.java:566)
	at org.gradle.internal.dispatch.ReflectionDispatch.dispatch(ReflectionDispatch.java:36)
	at org.gradle.internal.dispatch.ReflectionDispatch.dispatch(ReflectionDispatch.java:24)
	at org.gradle.internal.remote.internal.hub.MessageHubBackedObjectConnection$DispatchWrapper.dispatch(MessageHubBackedObjectConnection.java:182)
	at org.gradle.internal.remote.internal.hub.MessageHubBackedObjectConnection$DispatchWrapper.dispatch(MessageHubBackedObjectConnection.java:164)
	at org.gradle.internal.remote.internal.hub.MessageHub$Handler.run(MessageHub.java:414)
	at org.gradle.internal.concurrent.ExecutorPolicy$CatchAndRecordFailures.onExecute(ExecutorPolicy.java:64)
	at org.gradle.internal.concurrent.ManagedExecutorImpl$1.run(ManagedExecutorImpl.java:48)
	at java.base/java.util.concurrent.ThreadPoolExecutor.runWorker(ThreadPoolExecutor.java:1128)
	at java.base/java.util.concurrent.ThreadPoolExecutor$Worker.run(ThreadPoolExecutor.java:628)
	at org.gradle.internal.concurrent.ThreadFactoryImpl$ManagedThreadRunnable.run(ThreadFactoryImpl.java:56)
	at java.base/java.lang.Thread.run(Thread.java:834)
21:52:30.502 [Test worker] DEBUG org.hibernate.type.spi.TypeConfiguration$Scope - Scoping TypeConfiguration [org.hibernate.type.spi.TypeConfiguration@4910510] to MetadataBuildingContext [org.hibernate.boot.internal.MetadataBuildingContextRootImpl@6639a5bb]
21:52:30.536 [Test worker] DEBUG org.hibernate.boot.model.relational.Namespace - Created database namespace [logicalName=Name{catalog=null, schema=null}, physicalName=Name{catalog=null, schema=null}]
21:52:30.550 [Test worker] DEBUG org.hibernate.cfg.AnnotationBinder - Binding entity from annotated class: com.gruntik.hibernateex.entity.Pet
21:52:30.570 [Test worker] DEBUG org.hibernate.cfg.Ejb3Column - Binding column: Ejb3DiscriminatorColumn{logicalColumnName'DTYPE', discriminatorTypeName='string'}
21:52:30.575 [Test worker] DEBUG org.hibernate.cfg.annotations.EntityBinder - Import with entity name Pet
21:52:30.577 [Test worker] DEBUG org.hibernate.cfg.annotations.EntityBinder - Bind entity com.gruntik.hibernateex.entity.Pet on table pet
21:52:30.595 [Test worker] DEBUG org.hibernate.cfg.Ejb3Column - Binding column: Ejb3Column{table=org.hibernate.mapping.Table(pet), mappingColumn=id, insertable=true, updatable=true, unique=false}
21:52:30.597 [Test worker] DEBUG org.hibernate.boot.internal.ClassLoaderAccessImpl - Not known whether passed class name [com.gruntik.hibernateex.entity.Pet] is safe
21:52:30.597 [Test worker] DEBUG org.hibernate.boot.internal.ClassLoaderAccessImpl - No temp ClassLoader provided; using live ClassLoader for loading potentially unsafe class : com.gruntik.hibernateex.entity.Pet
21:52:30.598 [Test worker] DEBUG org.hibernate.cfg.annotations.PropertyBinder - MetadataSourceProcessor property id with lazy=false
21:52:30.600 [Test worker] DEBUG org.hibernate.cfg.AbstractPropertyHolder - Attempting to locate auto-apply AttributeConverter for property [com.gruntik.hibernateex.entity.Pet:id]
21:52:30.602 [Test worker] DEBUG org.hibernate.cfg.annotations.SimpleValueBinder - building SimpleValue for id
21:52:30.604 [Test worker] DEBUG org.hibernate.cfg.annotations.PropertyBinder - Building property id
21:52:30.606 [Test worker] DEBUG org.hibernate.cfg.BinderHelper - #makeIdGenerator(org.hibernate.mapping.SimpleValue([org.hibernate.mapping.Column(id)]), id, assigned, , ...)
21:52:30.607 [Test worker] DEBUG org.hibernate.cfg.Ejb3Column - Binding column: Ejb3Column{table=org.hibernate.mapping.Table(pet), mappingColumn=age, insertable=true, updatable=true, unique=false}
21:52:30.608 [Test worker] DEBUG org.hibernate.cfg.annotations.PropertyBinder - MetadataSourceProcessor property age with lazy=false
21:52:30.608 [Test worker] DEBUG org.hibernate.cfg.AbstractPropertyHolder - Attempting to locate auto-apply AttributeConverter for property [com.gruntik.hibernateex.entity.Pet:age]
21:52:30.608 [Test worker] DEBUG org.hibernate.cfg.annotations.SimpleValueBinder - building SimpleValue for age
21:52:30.608 [Test worker] DEBUG org.hibernate.cfg.annotations.PropertyBinder - Building property age
21:52:30.608 [Test worker] DEBUG org.hibernate.cfg.Ejb3Column - Binding column: Ejb3Column{table=org.hibernate.mapping.Table(pet), mappingColumn=name, insertable=true, updatable=true, unique=false}
21:52:30.608 [Test worker] DEBUG org.hibernate.cfg.annotations.PropertyBinder - MetadataSourceProcessor property name with lazy=false
21:52:30.609 [Test worker] DEBUG org.hibernate.cfg.AbstractPropertyHolder - Attempting to locate auto-apply AttributeConverter for property [com.gruntik.hibernateex.entity.Pet:name]
21:52:30.609 [Test worker] DEBUG org.hibernate.cfg.annotations.SimpleValueBinder - building SimpleValue for name
21:52:30.609 [Test worker] DEBUG org.hibernate.cfg.annotations.PropertyBinder - Building property name
21:52:30.615 [Test worker] DEBUG org.hibernate.cfg.AnnotationBinder - Binding entity from annotated class: com.gruntik.hibernateex.entity.Person
21:52:30.615 [Test worker] DEBUG org.hibernate.cfg.Ejb3Column - Binding column: Ejb3DiscriminatorColumn{logicalColumnName'DTYPE', discriminatorTypeName='string'}
21:52:30.615 [Test worker] DEBUG org.hibernate.cfg.annotations.EntityBinder - Import with entity name Person
21:52:30.615 [Test worker] DEBUG org.hibernate.cfg.annotations.EntityBinder - Bind entity com.gruntik.hibernateex.entity.Person on table person
21:52:30.620 [Test worker] DEBUG org.hibernate.cfg.Ejb3Column - Binding column: Ejb3Column{table=org.hibernate.mapping.Table(person), mappingColumn=id, insertable=true, updatable=true, unique=false}
21:52:30.621 [Test worker] DEBUG org.hibernate.boot.internal.ClassLoaderAccessImpl - Not known whether passed class name [com.gruntik.hibernateex.entity.Person] is safe
21:52:30.621 [Test worker] DEBUG org.hibernate.boot.internal.ClassLoaderAccessImpl - No temp ClassLoader provided; using live ClassLoader for loading potentially unsafe class : com.gruntik.hibernateex.entity.Person
21:52:30.621 [Test worker] DEBUG org.hibernate.cfg.annotations.PropertyBinder - MetadataSourceProcessor property id with lazy=false
21:52:30.621 [Test worker] DEBUG org.hibernate.cfg.AbstractPropertyHolder - Attempting to locate auto-apply AttributeConverter for property [com.gruntik.hibernateex.entity.Person:id]
21:52:30.621 [Test worker] DEBUG org.hibernate.cfg.annotations.SimpleValueBinder - building SimpleValue for id
21:52:30.621 [Test worker] DEBUG org.hibernate.cfg.annotations.PropertyBinder - Building property id
21:52:30.622 [Test worker] DEBUG org.hibernate.cfg.BinderHelper - #makeIdGenerator(org.hibernate.mapping.SimpleValue([org.hibernate.mapping.Column(id)]), id, org.hibernate.id.enhanced.SequenceStyleGenerator, , ...)
21:52:30.622 [Test worker] DEBUG org.hibernate.cfg.Ejb3Column - Binding column: Ejb3Column{table=org.hibernate.mapping.Table(person), mappingColumn=name, insertable=true, updatable=true, unique=false}
21:52:30.622 [Test worker] DEBUG org.hibernate.cfg.annotations.PropertyBinder - MetadataSourceProcessor property name with lazy=false
21:52:30.622 [Test worker] DEBUG org.hibernate.cfg.AbstractPropertyHolder - Attempting to locate auto-apply AttributeConverter for property [com.gruntik.hibernateex.entity.Person:name]
21:52:30.623 [Test worker] DEBUG org.hibernate.cfg.annotations.SimpleValueBinder - building SimpleValue for name
21:52:30.623 [Test worker] DEBUG org.hibernate.cfg.annotations.PropertyBinder - Building property name
21:52:30.624 [Test worker] DEBUG org.hibernate.cfg.Ejb3Column - Binding column: Ejb3JoinColumn{logicalColumnName='null', referencedColumn='null', mappedBy='person'}
21:52:30.624 [Test worker] DEBUG org.hibernate.cfg.Ejb3Column - Binding column: Ejb3Column{table=org.hibernate.mapping.Table(person), mappingColumn=phones, insertable=true, updatable=true, unique=false}
21:52:30.626 [Test worker] DEBUG org.hibernate.cfg.Ejb3Column - Binding column: Ejb3Column{table=org.hibernate.mapping.Table(person), mappingColumn=null, insertable=true, updatable=true, unique=false}
21:52:30.633 [Test worker] DEBUG org.hibernate.cfg.Ejb3Column - Binding column: Ejb3Column{table=org.hibernate.mapping.Table(person), mappingColumn=element, insertable=true, updatable=true, unique=false}
21:52:30.633 [Test worker] DEBUG org.hibernate.cfg.Ejb3Column - Binding column: Ejb3Column{table=org.hibernate.mapping.Table(person), mappingColumn=phones_KEY, insertable=true, updatable=true, unique=false}
21:52:30.634 [Test worker] DEBUG org.hibernate.cfg.Ejb3Column - Binding column: Ejb3JoinColumn{logicalColumnName='phones_KEY', referencedColumn='null', mappedBy='null'}
21:52:30.635 [Test worker] DEBUG org.hibernate.cfg.Ejb3Column - Binding column: Ejb3JoinColumn{logicalColumnName='null', referencedColumn='null', mappedBy='person'}
21:52:30.635 [Test worker] DEBUG org.hibernate.cfg.Ejb3Column - Binding column: Ejb3JoinColumn{logicalColumnName='null', referencedColumn='null', mappedBy='person'}
21:52:30.635 [Test worker] DEBUG org.hibernate.cfg.annotations.CollectionBinder - Collection role: com.gruntik.hibernateex.entity.Person.phones
21:52:30.637 [Test worker] DEBUG org.hibernate.cfg.annotations.PropertyBinder - Building property phones
21:52:30.638 [Test worker] DEBUG org.hibernate.cfg.AnnotationBinder - Binding entity from annotated class: com.gruntik.hibernateex.entity.Phone
21:52:30.638 [Test worker] DEBUG org.hibernate.cfg.Ejb3Column - Binding column: Ejb3DiscriminatorColumn{logicalColumnName'DTYPE', discriminatorTypeName='string'}
21:52:30.638 [Test worker] DEBUG org.hibernate.cfg.annotations.EntityBinder - Import with entity name Phone
21:52:30.639 [Test worker] DEBUG org.hibernate.cfg.annotations.EntityBinder - Bind entity com.gruntik.hibernateex.entity.Phone on table phone
21:52:30.642 [Test worker] DEBUG org.hibernate.cfg.Ejb3Column - Binding column: Ejb3Column{table=org.hibernate.mapping.Table(phone), mappingColumn=id, insertable=true, updatable=true, unique=false}
21:52:30.642 [Test worker] DEBUG org.hibernate.boot.internal.ClassLoaderAccessImpl - Not known whether passed class name [com.gruntik.hibernateex.entity.Phone] is safe
21:52:30.643 [Test worker] DEBUG org.hibernate.boot.internal.ClassLoaderAccessImpl - No temp ClassLoader provided; using live ClassLoader for loading potentially unsafe class : com.gruntik.hibernateex.entity.Phone
21:52:30.643 [Test worker] DEBUG org.hibernate.cfg.annotations.PropertyBinder - MetadataSourceProcessor property id with lazy=false
21:52:30.643 [Test worker] DEBUG org.hibernate.cfg.AbstractPropertyHolder - Attempting to locate auto-apply AttributeConverter for property [com.gruntik.hibernateex.entity.Phone:id]
21:52:30.643 [Test worker] DEBUG org.hibernate.cfg.annotations.SimpleValueBinder - building SimpleValue for id
21:52:30.643 [Test worker] DEBUG org.hibernate.cfg.annotations.PropertyBinder - Building property id
21:52:30.643 [Test worker] DEBUG org.hibernate.cfg.BinderHelper - #makeIdGenerator(org.hibernate.mapping.SimpleValue([org.hibernate.mapping.Column(id)]), id, org.hibernate.id.enhanced.SequenceStyleGenerator, , ...)
21:52:30.643 [Test worker] DEBUG org.hibernate.cfg.Ejb3Column - Binding column: Ejb3Column{table=org.hibernate.mapping.Table(phone), mappingColumn=number, insertable=true, updatable=true, unique=false}
21:52:30.643 [Test worker] DEBUG org.hibernate.cfg.annotations.PropertyBinder - MetadataSourceProcessor property number with lazy=false
21:52:30.643 [Test worker] DEBUG org.hibernate.cfg.AbstractPropertyHolder - Attempting to locate auto-apply AttributeConverter for property [com.gruntik.hibernateex.entity.Phone:number]
21:52:30.643 [Test worker] DEBUG org.hibernate.cfg.annotations.SimpleValueBinder - building SimpleValue for number
21:52:30.644 [Test worker] DEBUG org.hibernate.cfg.annotations.PropertyBinder - Building property number
21:52:30.644 [Test worker] DEBUG org.hibernate.cfg.Ejb3Column - Binding column: Ejb3JoinColumn{logicalColumnName='person_id', referencedColumn='', mappedBy=''}
21:52:30.644 [Test worker] DEBUG org.hibernate.cfg.Ejb3Column - Binding column: Ejb3Column{table=org.hibernate.mapping.Table(phone), mappingColumn=person, insertable=true, updatable=true, unique=false}
21:52:30.645 [Test worker] DEBUG org.hibernate.cfg.annotations.PropertyBinder - Building property person
21:52:30.646 [Test worker] DEBUG org.hibernate.cfg.AnnotationBinder - Binding entity from annotated class: com.gruntik.hibernateex.entity.userorder.User
21:52:30.646 [Test worker] DEBUG org.hibernate.cfg.Ejb3Column - Binding column: Ejb3DiscriminatorColumn{logicalColumnName'DTYPE', discriminatorTypeName='string'}
21:52:30.646 [Test worker] DEBUG org.hibernate.cfg.annotations.EntityBinder - Import with entity name User
21:52:30.646 [Test worker] DEBUG org.hibernate.cfg.annotations.EntityBinder - Bind entity com.gruntik.hibernateex.entity.userorder.User on table user
21:52:30.649 [Test worker] DEBUG org.hibernate.cfg.Ejb3Column - Binding column: Ejb3Column{table=org.hibernate.mapping.Table(user), mappingColumn=user_id, insertable=true, updatable=true, unique=false}
21:52:30.649 [Test worker] DEBUG org.hibernate.boot.internal.ClassLoaderAccessImpl - Not known whether passed class name [com.gruntik.hibernateex.entity.userorder.User] is safe
21:52:30.649 [Test worker] DEBUG org.hibernate.boot.internal.ClassLoaderAccessImpl - No temp ClassLoader provided; using live ClassLoader for loading potentially unsafe class : com.gruntik.hibernateex.entity.userorder.User
21:52:30.649 [Test worker] DEBUG org.hibernate.cfg.annotations.PropertyBinder - MetadataSourceProcessor property userId with lazy=false
21:52:30.649 [Test worker] DEBUG org.hibernate.cfg.AbstractPropertyHolder - Attempting to locate auto-apply AttributeConverter for property [com.gruntik.hibernateex.entity.userorder.User:userId]
21:52:30.649 [Test worker] DEBUG org.hibernate.cfg.annotations.SimpleValueBinder - building SimpleValue for userId
21:52:30.649 [Test worker] DEBUG org.hibernate.cfg.annotations.PropertyBinder - Building property userId
21:52:30.650 [Test worker] DEBUG org.hibernate.cfg.BinderHelper - #makeIdGenerator(org.hibernate.mapping.SimpleValue([org.hibernate.mapping.Column(user_id)]), userId, identity, , ...)
21:52:30.650 [Test worker] DEBUG org.hibernate.cfg.Ejb3Column - Binding column: Ejb3Column{table=org.hibernate.mapping.Table(user), mappingColumn=name, insertable=true, updatable=true, unique=false}
21:52:30.650 [Test worker] DEBUG org.hibernate.cfg.annotations.PropertyBinder - MetadataSourceProcessor property name with lazy=false
21:52:30.650 [Test worker] DEBUG org.hibernate.cfg.AbstractPropertyHolder - Attempting to locate auto-apply AttributeConverter for property [com.gruntik.hibernateex.entity.userorder.User:name]
21:52:30.650 [Test worker] DEBUG org.hibernate.cfg.annotations.SimpleValueBinder - building SimpleValue for name
21:52:30.650 [Test worker] DEBUG org.hibernate.cfg.annotations.PropertyBinder - Building property name
21:52:30.651 [Test worker] DEBUG org.hibernate.cfg.Ejb3Column - Binding column: Ejb3JoinColumn{logicalColumnName='null', referencedColumn='null', mappedBy='user'}
21:52:30.651 [Test worker] DEBUG org.hibernate.cfg.Ejb3Column - Binding column: Ejb3Column{table=org.hibernate.mapping.Table(user), mappingColumn=order, insertable=true, updatable=true, unique=false}
21:52:30.651 [Test worker] DEBUG org.hibernate.cfg.Ejb3Column - Binding column: Ejb3Column{table=org.hibernate.mapping.Table(user), mappingColumn=null, insertable=true, updatable=true, unique=false}
21:52:30.651 [Test worker] DEBUG org.hibernate.cfg.Ejb3Column - Binding column: Ejb3Column{table=org.hibernate.mapping.Table(user), mappingColumn=element, insertable=true, updatable=true, unique=false}
21:52:30.652 [Test worker] DEBUG org.hibernate.cfg.Ejb3Column - Binding column: Ejb3Column{table=org.hibernate.mapping.Table(user), mappingColumn=order_KEY, insertable=true, updatable=true, unique=false}
21:52:30.652 [Test worker] DEBUG org.hibernate.cfg.Ejb3Column - Binding column: Ejb3JoinColumn{logicalColumnName='order_KEY', referencedColumn='null', mappedBy='null'}
21:52:30.653 [Test worker] DEBUG org.hibernate.cfg.Ejb3Column - Binding column: Ejb3JoinColumn{logicalColumnName='null', referencedColumn='null', mappedBy='user'}
21:52:30.653 [Test worker] DEBUG org.hibernate.cfg.Ejb3Column - Binding column: Ejb3JoinColumn{logicalColumnName='null', referencedColumn='null', mappedBy='user'}
21:52:30.653 [Test worker] DEBUG org.hibernate.cfg.annotations.CollectionBinder - Collection role: com.gruntik.hibernateex.entity.userorder.User.order
21:52:30.653 [Test worker] DEBUG org.hibernate.cfg.annotations.PropertyBinder - Building property order
21:52:30.654 [Test worker] DEBUG org.hibernate.cfg.AnnotationBinder - Binding entity from annotated class: com.gruntik.hibernateex.entity.userorder.Order
21:52:30.654 [Test worker] DEBUG org.hibernate.cfg.Ejb3Column - Binding column: Ejb3DiscriminatorColumn{logicalColumnName'DTYPE', discriminatorTypeName='string'}
21:52:30.654 [Test worker] DEBUG org.hibernate.cfg.annotations.EntityBinder - Import with entity name Order
21:52:30.654 [Test worker] DEBUG org.hibernate.cfg.annotations.EntityBinder - Bind entity com.gruntik.hibernateex.entity.userorder.Order on table order
21:52:30.655 [Test worker] DEBUG org.hibernate.cfg.Ejb3Column - Binding column: Ejb3Column{table=org.hibernate.mapping.Table(order), mappingColumn=order_id, insertable=true, updatable=true, unique=false}
21:52:30.655 [Test worker] DEBUG org.hibernate.boot.internal.ClassLoaderAccessImpl - Not known whether passed class name [com.gruntik.hibernateex.entity.userorder.Order] is safe
21:52:30.655 [Test worker] DEBUG org.hibernate.boot.internal.ClassLoaderAccessImpl - No temp ClassLoader provided; using live ClassLoader for loading potentially unsafe class : com.gruntik.hibernateex.entity.userorder.Order
21:52:30.655 [Test worker] DEBUG org.hibernate.cfg.annotations.PropertyBinder - MetadataSourceProcessor property orderId with lazy=false
21:52:30.655 [Test worker] DEBUG org.hibernate.cfg.AbstractPropertyHolder - Attempting to locate auto-apply AttributeConverter for property [com.gruntik.hibernateex.entity.userorder.Order:orderId]
21:52:30.655 [Test worker] DEBUG org.hibernate.cfg.annotations.SimpleValueBinder - building SimpleValue for orderId
21:52:30.655 [Test worker] DEBUG org.hibernate.cfg.annotations.PropertyBinder - Building property orderId
21:52:30.656 [Test worker] DEBUG org.hibernate.cfg.BinderHelper - #makeIdGenerator(org.hibernate.mapping.SimpleValue([org.hibernate.mapping.Column(order_id)]), orderId, identity, , ...)
21:52:30.656 [Test worker] DEBUG org.hibernate.cfg.Ejb3Column - Binding column: Ejb3Column{table=org.hibernate.mapping.Table(order), mappingColumn=title, insertable=true, updatable=true, unique=false}
21:52:30.656 [Test worker] DEBUG org.hibernate.cfg.annotations.PropertyBinder - MetadataSourceProcessor property title with lazy=false
21:52:30.656 [Test worker] DEBUG org.hibernate.cfg.AbstractPropertyHolder - Attempting to locate auto-apply AttributeConverter for property [com.gruntik.hibernateex.entity.userorder.Order:title]
21:52:30.656 [Test worker] DEBUG org.hibernate.cfg.annotations.SimpleValueBinder - building SimpleValue for title
21:52:30.656 [Test worker] DEBUG org.hibernate.cfg.annotations.PropertyBinder - Building property title
21:52:30.656 [Test worker] DEBUG org.hibernate.cfg.Ejb3Column - Binding column: Ejb3JoinColumn{logicalColumnName='user_id', referencedColumn='', mappedBy=''}
21:52:30.656 [Test worker] DEBUG org.hibernate.cfg.Ejb3Column - Binding column: Ejb3Column{table=org.hibernate.mapping.Table(order), mappingColumn=user, insertable=true, updatable=true, unique=false}
21:52:30.656 [Test worker] DEBUG org.hibernate.cfg.annotations.PropertyBinder - Building property user
21:52:30.657 [Test worker] DEBUG org.hibernate.cfg.AnnotationBinder - Binding entity from annotated class: com.gruntik.hibernateex.entity.univ.Store
21:52:30.657 [Test worker] DEBUG org.hibernate.cfg.Ejb3Column - Binding column: Ejb3DiscriminatorColumn{logicalColumnName'DTYPE', discriminatorTypeName='string'}
21:52:30.657 [Test worker] DEBUG org.hibernate.cfg.annotations.EntityBinder - Import with entity name Store
21:52:30.657 [Test worker] DEBUG org.hibernate.cfg.annotations.EntityBinder - Bind entity com.gruntik.hibernateex.entity.univ.Store on table store
21:52:30.659 [Test worker] DEBUG org.hibernate.cfg.Ejb3Column - Binding column: Ejb3Column{table=org.hibernate.mapping.Table(store), mappingColumn=id, insertable=true, updatable=true, unique=false}
21:52:30.659 [Test worker] DEBUG org.hibernate.boot.internal.ClassLoaderAccessImpl - Not known whether passed class name [com.gruntik.hibernateex.entity.univ.Store] is safe
21:52:30.659 [Test worker] DEBUG org.hibernate.boot.internal.ClassLoaderAccessImpl - No temp ClassLoader provided; using live ClassLoader for loading potentially unsafe class : com.gruntik.hibernateex.entity.univ.Store
21:52:30.659 [Test worker] DEBUG org.hibernate.cfg.annotations.PropertyBinder - MetadataSourceProcessor property id with lazy=false
21:52:30.659 [Test worker] DEBUG org.hibernate.cfg.AbstractPropertyHolder - Attempting to locate auto-apply AttributeConverter for property [com.gruntik.hibernateex.entity.univ.Store:id]
21:52:30.659 [Test worker] DEBUG org.hibernate.cfg.annotations.SimpleValueBinder - building SimpleValue for id
21:52:30.659 [Test worker] DEBUG org.hibernate.cfg.annotations.PropertyBinder - Building property id
21:52:30.659 [Test worker] DEBUG org.hibernate.cfg.BinderHelper - #makeIdGenerator(org.hibernate.mapping.SimpleValue([org.hibernate.mapping.Column(id)]), id, assigned, , ...)
21:52:30.660 [Test worker] DEBUG org.hibernate.cfg.Ejb3Column - Binding column: Ejb3JoinColumn{logicalColumnName='ps5_id', referencedColumn='', mappedBy=''}
21:52:30.660 [Test worker] DEBUG org.hibernate.cfg.Ejb3Column - Binding column: Ejb3Column{table=org.hibernate.mapping.Table(store), mappingColumn=ps5, insertable=true, updatable=true, unique=false}
21:52:30.660 [Test worker] DEBUG org.hibernate.cfg.annotations.PropertyBinder - Building property ps5
21:52:30.660 [Test worker] DEBUG org.hibernate.cfg.Ejb3Column - Binding column: Ejb3Column{table=org.hibernate.mapping.Table(store), mappingColumn=title, insertable=true, updatable=true, unique=false}
21:52:30.660 [Test worker] DEBUG org.hibernate.cfg.annotations.PropertyBinder - MetadataSourceProcessor property title with lazy=false
21:52:30.660 [Test worker] DEBUG org.hibernate.cfg.AbstractPropertyHolder - Attempting to locate auto-apply AttributeConverter for property [com.gruntik.hibernateex.entity.univ.Store:title]
21:52:30.660 [Test worker] DEBUG org.hibernate.cfg.annotations.SimpleValueBinder - building SimpleValue for title
21:52:30.661 [Test worker] DEBUG org.hibernate.cfg.annotations.PropertyBinder - Building property title
21:52:30.661 [Test worker] DEBUG org.hibernate.cfg.AnnotationBinder - Binding entity from annotated class: com.gruntik.hibernateex.entity.univ.Ps5
21:52:30.661 [Test worker] DEBUG org.hibernate.cfg.Ejb3Column - Binding column: Ejb3DiscriminatorColumn{logicalColumnName'DTYPE', discriminatorTypeName='string'}
21:52:30.661 [Test worker] DEBUG org.hibernate.cfg.annotations.EntityBinder - Import with entity name Ps5
21:52:30.661 [Test worker] DEBUG org.hibernate.cfg.annotations.EntityBinder - Bind entity com.gruntik.hibernateex.entity.univ.Ps5 on table ps5
21:52:30.662 [Test worker] DEBUG org.hibernate.cfg.Ejb3Column - Binding column: Ejb3Column{table=org.hibernate.mapping.Table(ps5), mappingColumn=id, insertable=true, updatable=true, unique=false}
21:52:30.662 [Test worker] DEBUG org.hibernate.boot.internal.ClassLoaderAccessImpl - Not known whether passed class name [com.gruntik.hibernateex.entity.univ.Ps5] is safe
21:52:30.662 [Test worker] DEBUG org.hibernate.boot.internal.ClassLoaderAccessImpl - No temp ClassLoader provided; using live ClassLoader for loading potentially unsafe class : com.gruntik.hibernateex.entity.univ.Ps5
21:52:30.662 [Test worker] DEBUG org.hibernate.cfg.annotations.PropertyBinder - MetadataSourceProcessor property id with lazy=false
21:52:30.662 [Test worker] DEBUG org.hibernate.cfg.AbstractPropertyHolder - Attempting to locate auto-apply AttributeConverter for property [com.gruntik.hibernateex.entity.univ.Ps5:id]
21:52:30.662 [Test worker] DEBUG org.hibernate.cfg.annotations.SimpleValueBinder - building SimpleValue for id
21:52:30.662 [Test worker] DEBUG org.hibernate.cfg.annotations.PropertyBinder - Building property id
21:52:30.662 [Test worker] DEBUG org.hibernate.cfg.BinderHelper - #makeIdGenerator(org.hibernate.mapping.SimpleValue([org.hibernate.mapping.Column(id)]), id, assigned, , ...)
21:52:30.662 [Test worker] DEBUG org.hibernate.cfg.Ejb3Column - Binding column: Ejb3Column{table=org.hibernate.mapping.Table(ps5), mappingColumn=price, insertable=true, updatable=true, unique=false}
21:52:30.663 [Test worker] DEBUG org.hibernate.cfg.annotations.PropertyBinder - MetadataSourceProcessor property price with lazy=false
21:52:30.663 [Test worker] DEBUG org.hibernate.cfg.AbstractPropertyHolder - Attempting to locate auto-apply AttributeConverter for property [com.gruntik.hibernateex.entity.univ.Ps5:price]
21:52:30.663 [Test worker] DEBUG org.hibernate.cfg.annotations.SimpleValueBinder - building SimpleValue for price
21:52:30.663 [Test worker] DEBUG org.hibernate.cfg.annotations.PropertyBinder - Building property price
21:52:30.663 [Test worker] DEBUG org.hibernate.cfg.Ejb3Column - Binding column: Ejb3JoinColumn{logicalColumnName='null', referencedColumn='null', mappedBy='ps5'}
21:52:30.663 [Test worker] DEBUG org.hibernate.cfg.Ejb3Column - Binding column: Ejb3Column{table=org.hibernate.mapping.Table(ps5), mappingColumn=store, insertable=true, updatable=true, unique=false}
21:52:30.665 [Test worker] DEBUG org.hibernate.cfg.AnnotationBinder - Binding entity from annotated class: com.gruntik.hibernateex.entity.example.Book
21:52:30.665 [Test worker] DEBUG org.hibernate.cfg.Ejb3Column - Binding column: Ejb3DiscriminatorColumn{logicalColumnName'DTYPE', discriminatorTypeName='string'}
21:52:30.665 [Test worker] DEBUG org.hibernate.cfg.annotations.EntityBinder - Import with entity name Book
21:52:30.666 [Test worker] DEBUG org.hibernate.cfg.annotations.EntityBinder - Bind entity com.gruntik.hibernateex.entity.example.Book on table Book
21:52:30.669 [Test worker] DEBUG org.hibernate.cfg.Ejb3Column - Binding column: Ejb3Column{table=org.hibernate.mapping.Table(Book), mappingColumn=id, insertable=true, updatable=true, unique=false}
21:52:30.669 [Test worker] DEBUG org.hibernate.boot.internal.ClassLoaderAccessImpl - Not known whether passed class name [com.gruntik.hibernateex.entity.example.Book] is safe
21:52:30.669 [Test worker] DEBUG org.hibernate.boot.internal.ClassLoaderAccessImpl - No temp ClassLoader provided; using live ClassLoader for loading potentially unsafe class : com.gruntik.hibernateex.entity.example.Book
21:52:30.670 [Test worker] DEBUG org.hibernate.cfg.annotations.PropertyBinder - MetadataSourceProcessor property id with lazy=false
21:52:30.670 [Test worker] DEBUG org.hibernate.cfg.AbstractPropertyHolder - Attempting to locate auto-apply AttributeConverter for property [com.gruntik.hibernateex.entity.example.Book:id]
21:52:30.670 [Test worker] DEBUG org.hibernate.cfg.annotations.SimpleValueBinder - building SimpleValue for id
21:52:30.670 [Test worker] DEBUG org.hibernate.cfg.annotations.PropertyBinder - Building property id
21:52:30.670 [Test worker] DEBUG org.hibernate.cfg.BinderHelper - #makeIdGenerator(org.hibernate.mapping.SimpleValue([org.hibernate.mapping.Column(id)]), id, identity, , ...)
21:52:30.670 [Test worker] DEBUG org.hibernate.cfg.Ejb3Column - Binding column: Ejb3Column{table=org.hibernate.mapping.Table(Book), mappingColumn=null, insertable=true, updatable=true, unique=false}
21:52:30.670 [Test worker] DEBUG org.hibernate.cfg.Ejb3Column - Binding column: Ejb3Column{table=org.hibernate.mapping.Table(Book), mappingColumn=element, insertable=true, updatable=true, unique=false}
21:52:30.670 [Test worker] DEBUG org.hibernate.cfg.Ejb3Column - Binding column: Ejb3Column{table=org.hibernate.mapping.Table(Book), mappingColumn=authors_KEY, insertable=true, updatable=true, unique=false}
21:52:30.670 [Test worker] DEBUG org.hibernate.cfg.Ejb3Column - Binding column: Ejb3JoinColumn{logicalColumnName='authors_KEY', referencedColumn='null', mappedBy='null'}
21:52:30.671 [Test worker] DEBUG org.hibernate.cfg.Ejb3Column - Binding column: Ejb3JoinColumn{logicalColumnName='null', referencedColumn='null', mappedBy=''}
21:52:30.671 [Test worker] DEBUG org.hibernate.cfg.Ejb3Column - Binding column: Ejb3JoinColumn{logicalColumnName='null', referencedColumn='null', mappedBy=''}
21:52:30.671 [Test worker] DEBUG org.hibernate.cfg.annotations.CollectionBinder - Collection role: com.gruntik.hibernateex.entity.example.Book.authors
21:52:30.671 [Test worker] DEBUG org.hibernate.cfg.annotations.PropertyBinder - Building property authors
21:52:30.671 [Test worker] DEBUG org.hibernate.cfg.Ejb3Column - Binding column: Ejb3Column{table=org.hibernate.mapping.Table(Book), mappingColumn=isbn, insertable=true, updatable=true, unique=false}
21:52:30.671 [Test worker] DEBUG org.hibernate.cfg.annotations.PropertyBinder - MetadataSourceProcessor property isbn with lazy=false
21:52:30.671 [Test worker] DEBUG org.hibernate.cfg.AbstractPropertyHolder - Attempting to locate auto-apply AttributeConverter for property [com.gruntik.hibernateex.entity.example.Book:isbn]
21:52:30.671 [Test worker] DEBUG org.hibernate.cfg.annotations.SimpleValueBinder - building SimpleValue for isbn
21:52:30.671 [Test worker] DEBUG org.hibernate.cfg.annotations.PropertyBinder - Building property isbn
21:52:30.671 [Test worker] DEBUG org.hibernate.cfg.Ejb3Column - Binding column: Ejb3Column{table=org.hibernate.mapping.Table(Book), mappingColumn=publicationDate, insertable=true, updatable=true, unique=false}
21:52:30.672 [Test worker] DEBUG org.hibernate.cfg.annotations.PropertyBinder - MetadataSourceProcessor property publicationDate with lazy=false
21:52:30.672 [Test worker] DEBUG org.hibernate.cfg.AbstractPropertyHolder - Attempting to locate auto-apply AttributeConverter for property [com.gruntik.hibernateex.entity.example.Book:publicationDate]
21:52:30.673 [Test worker] DEBUG org.hibernate.cfg.annotations.SimpleValueBinder - building SimpleValue for publicationDate
21:52:30.673 [Test worker] DEBUG org.hibernate.cfg.annotations.PropertyBinder - Building property publicationDate
21:52:30.673 [Test worker] DEBUG org.hibernate.cfg.Ejb3Column - Binding column: Ejb3Column{table=org.hibernate.mapping.Table(Book), mappingColumn=title, insertable=true, updatable=true, unique=false}
21:52:30.673 [Test worker] DEBUG org.hibernate.cfg.annotations.PropertyBinder - MetadataSourceProcessor property title with lazy=false
21:52:30.673 [Test worker] DEBUG org.hibernate.cfg.AbstractPropertyHolder - Attempting to locate auto-apply AttributeConverter for property [com.gruntik.hibernateex.entity.example.Book:title]
21:52:30.674 [Test worker] DEBUG org.hibernate.cfg.annotations.SimpleValueBinder - building SimpleValue for title
21:52:30.674 [Test worker] DEBUG org.hibernate.cfg.annotations.PropertyBinder - Building property title
21:52:30.674 [Test worker] DEBUG org.hibernate.cfg.AnnotationBinder - Binding entity from annotated class: com.gruntik.hibernateex.entity.example.Author
21:52:30.674 [Test worker] DEBUG org.hibernate.cfg.Ejb3Column - Binding column: Ejb3DiscriminatorColumn{logicalColumnName'DTYPE', discriminatorTypeName='string'}
21:52:30.674 [Test worker] DEBUG org.hibernate.cfg.annotations.EntityBinder - Import with entity name Author
21:52:30.674 [Test worker] DEBUG org.hibernate.cfg.annotations.EntityBinder - Bind entity com.gruntik.hibernateex.entity.example.Author on table Author
21:52:30.675 [Test worker] DEBUG org.hibernate.cfg.Ejb3Column - Binding column: Ejb3Column{table=org.hibernate.mapping.Table(Author), mappingColumn=id, insertable=true, updatable=true, unique=false}
21:52:30.675 [Test worker] DEBUG org.hibernate.boot.internal.ClassLoaderAccessImpl - Not known whether passed class name [com.gruntik.hibernateex.entity.example.Author] is safe
21:52:30.675 [Test worker] DEBUG org.hibernate.boot.internal.ClassLoaderAccessImpl - No temp ClassLoader provided; using live ClassLoader for loading potentially unsafe class : com.gruntik.hibernateex.entity.example.Author
21:52:30.676 [Test worker] DEBUG org.hibernate.cfg.annotations.PropertyBinder - MetadataSourceProcessor property id with lazy=false
21:52:30.676 [Test worker] DEBUG org.hibernate.cfg.AbstractPropertyHolder - Attempting to locate auto-apply AttributeConverter for property [com.gruntik.hibernateex.entity.example.Author:id]
21:52:30.676 [Test worker] DEBUG org.hibernate.cfg.annotations.SimpleValueBinder - building SimpleValue for id
21:52:30.676 [Test worker] DEBUG org.hibernate.cfg.annotations.PropertyBinder - Building property id
21:52:30.676 [Test worker] DEBUG org.hibernate.cfg.BinderHelper - #makeIdGenerator(org.hibernate.mapping.SimpleValue([org.hibernate.mapping.Column(id)]), id, identity, , ...)
21:52:30.676 [Test worker] DEBUG org.hibernate.cfg.Ejb3Column - Binding column: Ejb3Column{table=org.hibernate.mapping.Table(Author), mappingColumn=null, insertable=true, updatable=true, unique=false}
21:52:30.676 [Test worker] DEBUG org.hibernate.cfg.Ejb3Column - Binding column: Ejb3Column{table=org.hibernate.mapping.Table(Author), mappingColumn=element, insertable=true, updatable=true, unique=false}
21:52:30.676 [Test worker] DEBUG org.hibernate.cfg.Ejb3Column - Binding column: Ejb3Column{table=org.hibernate.mapping.Table(Author), mappingColumn=books_KEY, insertable=true, updatable=true, unique=false}
21:52:30.676 [Test worker] DEBUG org.hibernate.cfg.Ejb3Column - Binding column: Ejb3JoinColumn{logicalColumnName='books_KEY', referencedColumn='null', mappedBy='null'}
21:52:30.676 [Test worker] DEBUG org.hibernate.cfg.Ejb3Column - Binding column: Ejb3JoinColumn{logicalColumnName='null', referencedColumn='null', mappedBy='authors'}
21:52:30.676 [Test worker] DEBUG org.hibernate.cfg.Ejb3Column - Binding column: Ejb3JoinColumn{logicalColumnName='null', referencedColumn='null', mappedBy='authors'}
21:52:30.676 [Test worker] DEBUG org.hibernate.cfg.annotations.CollectionBinder - Collection role: com.gruntik.hibernateex.entity.example.Author.books
21:52:30.677 [Test worker] DEBUG org.hibernate.cfg.annotations.PropertyBinder - Building property books
21:52:30.677 [Test worker] DEBUG org.hibernate.cfg.Ejb3Column - Binding column: Ejb3Column{table=org.hibernate.mapping.Table(Author), mappingColumn=fullName, insertable=true, updatable=true, unique=false}
21:52:30.677 [Test worker] DEBUG org.hibernate.cfg.annotations.PropertyBinder - MetadataSourceProcessor property fullName with lazy=false
21:52:30.677 [Test worker] DEBUG org.hibernate.cfg.AbstractPropertyHolder - Attempting to locate auto-apply AttributeConverter for property [com.gruntik.hibernateex.entity.example.Author:fullName]
21:52:30.677 [Test worker] DEBUG org.hibernate.cfg.annotations.SimpleValueBinder - building SimpleValue for fullName
21:52:30.677 [Test worker] DEBUG org.hibernate.cfg.annotations.PropertyBinder - Building property fullName
21:52:30.679 [Test worker] DEBUG org.hibernate.cfg.annotations.SimpleValueBinder - Starting fillSimpleValue for id
21:52:30.679 [Test worker] DEBUG org.hibernate.cfg.annotations.SimpleValueBinder - Starting fillSimpleValue for age
21:52:30.679 [Test worker] DEBUG org.hibernate.cfg.annotations.SimpleValueBinder - Starting fillSimpleValue for name
21:52:30.679 [Test worker] DEBUG org.hibernate.cfg.annotations.SimpleValueBinder - Starting fillSimpleValue for id
21:52:30.679 [Test worker] DEBUG org.hibernate.cfg.annotations.SimpleValueBinder - Starting fillSimpleValue for name
21:52:30.679 [Test worker] DEBUG org.hibernate.cfg.annotations.SimpleValueBinder - Starting fillSimpleValue for id
21:52:30.679 [Test worker] DEBUG org.hibernate.cfg.annotations.SimpleValueBinder - Starting fillSimpleValue for number
21:52:30.679 [Test worker] DEBUG org.hibernate.cfg.annotations.SimpleValueBinder - Starting fillSimpleValue for userId
[...]
21:52:31.190 [Test worker] DEBUG org.hibernate.loader.plan.exec.internal.LoadQueryJoinAndFetchProcessor - processing queryspace <gen:0>
21:52:31.190 [Test worker] DEBUG org.hibernate.loader.plan.build.spi.LoadPlanTreePrinter - LoadPlan(collection=com.gruntik.hibernateex.entity.userorder.User.order)
    - Returns
       - CollectionReturnImpl(collection=com.gruntik.hibernateex.entity.userorder.User.order, querySpaceUid=<gen:0>, path=[com.gruntik.hibernateex.entity.userorder.User.order])
          - (collection element) CollectionFetchableElementEntityGraph(entity=com.gruntik.hibernateex.entity.userorder.Order, querySpaceUid=<gen:1>, path=[com.gruntik.hibernateex.entity.userorder.User.order].<elements>)
    - QuerySpaces
       - CollectionQuerySpaceImpl(uid=<gen:0>, collection=com.gruntik.hibernateex.entity.userorder.User.order)
          - SQL table alias mapping - order0_
          - alias suffix - 0_
          - suffixed key columns - {user_id3_3_0_}
          - entity-element alias suffix - 1_
          - 1_entity-element suffixed key columns - order_id1_3_1_
          - JOIN (JoinDefinedByMetadata(elements)) : <gen:0> -> <gen:1>
             - EntityQuerySpaceImpl(uid=<gen:1>, entity=com.gruntik.hibernateex.entity.userorder.Order)
                - SQL table alias mapping - order0_
                - alias suffix - 1_
                - suffixed key columns - {order_id1_3_1_}

21:52:31.190 [Test worker] DEBUG org.hibernate.loader.collection.plan.CollectionLoader - Static select for collection com.gruntik.hibernateex.entity.userorder.User.order: select order0_.user_id as user_id3_3_0_, order0_.order_id as order_id1_3_0_, order0_.order_id as order_id1_3_1_, order0_.title as title2_3_1_, order0_.user_id as user_id3_3_1_ from "order" order0_ where order0_.user_id=?
21:52:31.191 [Test worker] DEBUG org.hibernate.loader.plan.build.internal.spaces.QuerySpacesImpl - Adding QuerySpace : uid = <gen:0> -> org.hibernate.loader.plan.build.internal.spaces.CollectionQuerySpaceImpl@41500bf]
21:52:31.191 [Test worker] DEBUG org.hibernate.loader.plan.build.internal.spaces.QuerySpacesImpl - Adding QuerySpace : uid = <gen:1> -> org.hibernate.loader.plan.build.internal.spaces.EntityQuerySpaceImpl@16e6dd3c]
21:52:31.191 [Test worker] DEBUG org.hibernate.persister.walking.spi.MetamodelGraphWalker - Visiting attribute path : authors
21:52:31.191 [Test worker] DEBUG org.hibernate.persister.walking.spi.MetamodelGraphWalker - Property path deemed to be circular : authors
21:52:31.191 [Test worker] DEBUG org.hibernate.persister.walking.spi.MetamodelGraphWalker - Visiting attribute path : isbn
21:52:31.191 [Test worker] DEBUG org.hibernate.persister.walking.spi.MetamodelGraphWalker - Visiting attribute path : publicationDate
21:52:31.191 [Test worker] DEBUG org.hibernate.persister.walking.spi.MetamodelGraphWalker - Visiting attribute path : title
21:52:31.191 [Test worker] DEBUG org.hibernate.loader.plan.build.internal.FetchStyleLoadPlanBuildingAssociationVisitationStrategy - Building LoadPlan...
21:52:31.191 [Test worker] DEBUG org.hibernate.loader.plan.exec.internal.LoadQueryJoinAndFetchProcessor - processing queryspace <gen:0>
21:52:31.191 [Test worker] DEBUG org.hibernate.loader.plan.build.spi.LoadPlanTreePrinter - LoadPlan(collection=com.gruntik.hibernateex.entity.example.Author.books)
    - Returns
       - CollectionReturnImpl(collection=com.gruntik.hibernateex.entity.example.Author.books, querySpaceUid=<gen:0>, path=[com.gruntik.hibernateex.entity.example.Author.books])
          - (collection element) CollectionFetchableElementEntityGraph(entity=com.gruntik.hibernateex.entity.example.Book, querySpaceUid=<gen:1>, path=[com.gruntik.hibernateex.entity.example.Author.books].<elements>)
    - QuerySpaces
       - CollectionQuerySpaceImpl(uid=<gen:0>, collection=com.gruntik.hibernateex.entity.example.Author.books)
          - SQL table alias mapping - books0_
          - alias suffix - 0_
          - suffixed key columns - {authors_2_2_0_}
          - entity-element alias suffix - 1_
          - 1_entity-element suffixed key columns - id1_1_1_
          - JOIN (JoinDefinedByMetadata(elements)) : <gen:0> -> <gen:1>
             - EntityQuerySpaceImpl(uid=<gen:1>, entity=com.gruntik.hibernateex.entity.example.Book)
                - SQL table alias mapping - book1_
                - alias suffix - 1_
                - suffixed key columns - {id1_1_1_}

21:52:31.191 [Test worker] DEBUG org.hibernate.loader.collection.plan.CollectionLoader - Static select for collection com.gruntik.hibernateex.entity.example.Author.books: select books0_.authors_id as authors_2_2_0_, books0_.books_id as books_id1_2_0_, book1_.id as id1_1_1_, book1_.isbn as isbn2_1_1_, book1_.publicationDate as publicat3_1_1_, book1_.title as title4_1_1_ from Book_Author books0_ inner join Book book1_ on books0_.books_id=book1_.id where books0_.authors_id=?
21:52:31.191 [Test worker] DEBUG org.hibernate.loader.plan.build.internal.spaces.QuerySpacesImpl - Adding QuerySpace : uid = <gen:0> -> org.hibernate.loader.plan.build.internal.spaces.CollectionQuerySpaceImpl@72ddd356]
21:52:31.191 [Test worker] DEBUG org.hibernate.loader.plan.build.internal.spaces.QuerySpacesImpl - Adding QuerySpace : uid = <gen:1> -> org.hibernate.loader.plan.build.internal.spaces.EntityQuerySpaceImpl@5272ef0c]
21:52:31.191 [Test worker] DEBUG org.hibernate.persister.walking.spi.MetamodelGraphWalker - Visiting attribute path : number
21:52:31.191 [Test worker] DEBUG org.hibernate.persister.walking.spi.MetamodelGraphWalker - Visiting attribute path : person
21:52:31.191 [Test worker] DEBUG org.hibernate.persister.walking.spi.MetamodelGraphWalker - Property path deemed to be circular : person
21:52:31.192 [Test worker] DEBUG org.hibernate.loader.plan.build.internal.FetchStyleLoadPlanBuildingAssociationVisitationStrategy - Building LoadPlan...
21:52:31.192 [Test worker] DEBUG org.hibernate.loader.plan.exec.internal.LoadQueryJoinAndFetchProcessor - processing queryspace <gen:0>
21:52:31.192 [Test worker] DEBUG org.hibernate.loader.plan.build.spi.LoadPlanTreePrinter - LoadPlan(collection=com.gruntik.hibernateex.entity.Person.phones)
    - Returns
       - CollectionReturnImpl(collection=com.gruntik.hibernateex.entity.Person.phones, querySpaceUid=<gen:0>, path=[com.gruntik.hibernateex.entity.Person.phones])
          - (collection element) CollectionFetchableElementEntityGraph(entity=com.gruntik.hibernateex.entity.Phone, querySpaceUid=<gen:1>, path=[com.gruntik.hibernateex.entity.Person.phones].<elements>)
    - QuerySpaces
       - CollectionQuerySpaceImpl(uid=<gen:0>, collection=com.gruntik.hibernateex.entity.Person.phones)
          - SQL table alias mapping - phones0_
          - alias suffix - 0_
          - suffixed key columns - {person_i3_6_0_}
          - entity-element alias suffix - 1_
          - 1_entity-element suffixed key columns - id1_6_1_
          - JOIN (JoinDefinedByMetadata(elements)) : <gen:0> -> <gen:1>
             - EntityQuerySpaceImpl(uid=<gen:1>, entity=com.gruntik.hibernateex.entity.Phone)
                - SQL table alias mapping - phones0_
                - alias suffix - 1_
                - suffixed key columns - {id1_6_1_}

21:52:31.192 [Test worker] DEBUG org.hibernate.loader.collection.plan.CollectionLoader - Static select for collection com.gruntik.hibernateex.entity.Person.phones: select phones0_.person_id as person_i3_6_0_, phones0_.id as id1_6_0_, phones0_.id as id1_6_1_, phones0_.number as number2_6_1_, phones0_.person_id as person_i3_6_1_ from phone phones0_ where phones0_.person_id=?
21:52:31.225 [Test worker] DEBUG org.hibernate.SQL - drop table if exists Author CASCADE 
Hibernate: drop table if exists Author CASCADE 
21:52:31.226 [Test worker] INFO org.hibernate.orm.connections.access - HHH10001501: Connection obtained from JdbcConnectionAccess [org.hibernate.engine.jdbc.env.internal.JdbcEnvironmentInitiator$ConnectionProviderJdbcConnectionAccess@139f3b9d] for (non-JTA) DDL execution was not in auto-commit mode; the Connection 'local transaction' will be committed and the Connection will be set into auto-commit mode.
21:52:31.227 [Test worker] DEBUG org.hibernate.SQL - drop table if exists Book CASCADE 
Hibernate: drop table if exists Book CASCADE 
21:52:31.227 [Test worker] DEBUG org.hibernate.SQL - drop table if exists Book_Author CASCADE 
Hibernate: drop table if exists Book_Author CASCADE 
21:52:31.227 [Test worker] DEBUG org.hibernate.SQL - drop table if exists "order" CASCADE 
Hibernate: drop table if exists "order" CASCADE 
21:52:31.227 [Test worker] DEBUG org.hibernate.SQL - drop table if exists person CASCADE 
Hibernate: drop table if exists person CASCADE 
21:52:31.227 [Test worker] DEBUG org.hibernate.SQL - drop table if exists pet CASCADE 
Hibernate: drop table if exists pet CASCADE 
21:52:31.227 [Test worker] DEBUG org.hibernate.SQL - drop table if exists phone CASCADE 
Hibernate: drop table if exists phone CASCADE 
21:52:31.227 [Test worker] DEBUG org.hibernate.SQL - drop table if exists ps5 CASCADE 
Hibernate: drop table if exists ps5 CASCADE 
21:52:31.228 [Test worker] DEBUG org.hibernate.SQL - drop table if exists store CASCADE 
Hibernate: drop table if exists store CASCADE 
21:52:31.228 [Test worker] DEBUG org.hibernate.SQL - drop table if exists "user" CASCADE 
Hibernate: drop table if exists "user" CASCADE 
21:52:31.228 [Test worker] DEBUG org.hibernate.SQL - drop sequence if exists hibernate_sequence
Hibernate: drop sequence if exists hibernate_sequence
21:52:31.230 [Test worker] DEBUG org.hibernate.SQL - create sequence hibernate_sequence start with 1 increment by 1
Hibernate: create sequence hibernate_sequence start with 1 increment by 1
21:52:31.230 [Test worker] INFO org.hibernate.orm.connections.access - HHH10001501: Connection obtained from JdbcConnectionAccess [org.hibernate.engine.jdbc.env.internal.JdbcEnvironmentInitiator$ConnectionProviderJdbcConnectionAccess@4dbb9e2a] for (non-JTA) DDL execution was not in auto-commit mode; the Connection 'local transaction' will be committed and the Connection will be set into auto-commit mode.
21:52:31.231 [Test worker] DEBUG org.hibernate.SQL - create table Author (id bigint generated by default as identity, fullName varchar(255), primary key (id))
Hibernate: create table Author (id bigint generated by default as identity, fullName varchar(255), primary key (id))
21:52:31.234 [Test worker] DEBUG org.hibernate.SQL - create table Book (id bigint generated by default as identity, isbn varchar(255), publicationDate date, title varchar(255), primary key (id))
Hibernate: create table Book (id bigint generated by default as identity, isbn varchar(255), publicationDate date, title varchar(255), primary key (id))
21:52:31.235 [Test worker] DEBUG org.hibernate.SQL - create table Book_Author (books_id bigint not null, authors_id bigint not null)
Hibernate: create table Book_Author (books_id bigint not null, authors_id bigint not null)
21:52:31.235 [Test worker] DEBUG org.hibernate.SQL - create table "order" (order_id bigint generated by default as identity, title varchar(255), user_id bigint, primary key (order_id))
Hibernate: create table "order" (order_id bigint generated by default as identity, title varchar(255), user_id bigint, primary key (order_id))
21:52:31.235 [Test worker] DEBUG org.hibernate.SQL - create table person (id bigint not null, name varchar(255), primary key (id))
Hibernate: create table person (id bigint not null, name varchar(255), primary key (id))
21:52:31.236 [Test worker] DEBUG org.hibernate.SQL - create table pet (id bigint not null, age integer, name varchar(255), primary key (id))
Hibernate: create table pet (id bigint not null, age integer, name varchar(255), primary key (id))
21:52:31.236 [Test worker] DEBUG org.hibernate.SQL - create table phone (id bigint not null, number varchar(255), person_id bigint, primary key (id))
Hibernate: create table phone (id bigint not null, number varchar(255), person_id bigint, primary key (id))
21:52:31.236 [Test worker] DEBUG org.hibernate.SQL - create table ps5 (id bigint not null, price integer, primary key (id))
Hibernate: create table ps5 (id bigint not null, price integer, primary key (id))
21:52:31.237 [Test worker] DEBUG org.hibernate.SQL - create table store (id bigint not null, title varchar(255), ps5_id bigint, primary key (id))
Hibernate: create table store (id bigint not null, title varchar(255), ps5_id bigint, primary key (id))
21:52:31.237 [Test worker] DEBUG org.hibernate.SQL - create table "user" (user_id bigint generated by default as identity, name varchar(255), primary key (user_id))
Hibernate: create table "user" (user_id bigint generated by default as identity, name varchar(255), primary key (user_id))
21:52:31.238 [Test worker] DEBUG org.hibernate.SQL - alter table Book_Author add constraint FKt42qaxhbq87yfijncjfrs5ukc foreign key (authors_id) references Author
Hibernate: alter table Book_Author add constraint FKt42qaxhbq87yfijncjfrs5ukc foreign key (authors_id) references Author
21:52:31.242 [Test worker] DEBUG org.hibernate.SQL - alter table Book_Author add constraint FKimn1h9jx7v2q8d7w1s45dpsd2 foreign key (books_id) references Book
Hibernate: alter table Book_Author add constraint FKimn1h9jx7v2q8d7w1s45dpsd2 foreign key (books_id) references Book
21:52:31.243 [Test worker] DEBUG org.hibernate.SQL - alter table "order" add constraint FKrcaf946w0bh6qj0ljiw3pwpnu foreign key (user_id) references "user"
Hibernate: alter table "order" add constraint FKrcaf946w0bh6qj0ljiw3pwpnu foreign key (user_id) references "user"
21:52:31.244 [Test worker] DEBUG org.hibernate.SQL - alter table phone add constraint FKkk6uij3j6wikpnqlj9dymobs9 foreign key (person_id) references person
Hibernate: alter table phone add constraint FKkk6uij3j6wikpnqlj9dymobs9 foreign key (person_id) references person
21:52:31.245 [Test worker] DEBUG org.hibernate.SQL - alter table store add constraint FKgnf0ttwdb6nxblwve3bdykft8 foreign key (ps5_id) references ps5
Hibernate: alter table store add constraint FKgnf0ttwdb6nxblwve3bdykft8 foreign key (ps5_id) references ps5
21:52:31.248 [Test worker] DEBUG org.hibernate.engine.transaction.jta.platform.internal.JtaPlatformInitiator - No JtaPlatform was specified, checking resolver
21:52:31.248 [Test worker] DEBUG org.hibernate.engine.transaction.jta.platform.internal.JtaPlatformResolverInitiator - No JtaPlatformResolver was specified, using default [org.hibernate.engine.transaction.jta.platform.internal.StandardJtaPlatformResolver]
21:52:31.252 [Test worker] DEBUG org.hibernate.engine.transaction.jta.platform.internal.StandardJtaPlatformResolver - Could not resolve JtaPlatform, using default [org.hibernate.engine.transaction.jta.platform.internal.NoJtaPlatform]
21:52:31.252 [Test worker] INFO org.hibernate.engine.transaction.jta.platform.internal.JtaPlatformInitiator - HHH000490: Using JtaPlatform implementation: [org.hibernate.engine.transaction.jta.platform.internal.NoJtaPlatform]
21:52:31.253 [Test worker] DEBUG org.hibernate.query.spi.NamedQueryRepository - Checking 0 named HQL queries
21:52:31.253 [Test worker] DEBUG org.hibernate.query.spi.NamedQueryRepository - Checking 0 named SQL queries
21:52:31.257 [Test worker] DEBUG org.hibernate.service.internal.SessionFactoryServiceRegistryImpl - EventListenerRegistry access via ServiceRegistry is deprecated.  Use `sessionFactory.getEventEngine().getListenerRegistry()` instead
21:52:31.262 [Test worker] DEBUG org.hibernate.internal.SessionFactoryRegistry - Initializing SessionFactoryRegistry : org.hibernate.internal.SessionFactoryRegistry@569e3ca6
21:52:31.263 [Test worker] DEBUG org.hibernate.internal.SessionFactoryRegistry - Registering SessionFactory: 401be184-b09e-4c59-9492-2e0f37a44883 (<unnamed>)
21:52:31.263 [Test worker] DEBUG org.hibernate.internal.SessionFactoryRegistry - Not binding SessionFactory to JNDI, no JNDI name configured
21:52:31.305 [Test worker] DEBUG org.hibernate.stat.internal.StatisticsInitiator - Statistics initialized [enabled=false]

  .   ____          _            __ _ _
 /\\ / ___'_ __ _ _(_)_ __  __ _ \ \ \ \
( ( )\___ | '_ | '_| | '_ \/ _` | \ \ \ \
 \\/  ___)| |_)| | | | | || (_| |  ) ) ) )
  '  |____| .__|_| |_|_| |_\__, | / / / /
 =========|_|==============|___/=/_/_/_/
 :: Spring Boot ::                (v2.7.0)

2022-06-07 21:52:31.607  INFO 20672 --- [    Test worker] c.g.h.userorder.UserOrderTests           : Starting UserOrderTests using Java 11.0.9 on GIGOR with PID 20672 (started by grunt in D:\MyProjects\HibernateEx)
2022-06-07 21:52:31.608  INFO 20672 --- [    Test worker] c.g.h.userorder.UserOrderTests           : No active profile set, falling back to 1 default profile: "default"
2022-06-07 21:52:32.310  INFO 20672 --- [    Test worker] .s.d.r.c.RepositoryConfigurationDelegate : Bootstrapping Spring Data JPA repositories in DEFAULT mode.
2022-06-07 21:52:32.329  INFO 20672 --- [    Test worker] .s.d.r.c.RepositoryConfigurationDelegate : Finished Spring Data repository scanning in 9 ms. Found 0 JPA repository interfaces.
2022-06-07 21:52:32.877  INFO 20672 --- [    Test worker] com.zaxxer.hikari.HikariDataSource       : HikariPool-1 - Starting...
2022-06-07 21:52:32.899  INFO 20672 --- [    Test worker] com.zaxxer.hikari.pool.PoolBase          : HikariPool-1 - Driver does not support get/set network timeout for connections. (Receiver class org.h2.jdbc.JdbcConnection does not define or inherit an implementation of the resolved method abstract getNetworkTimeout()I of interface java.sql.Connection.)
2022-06-07 21:52:32.903  INFO 20672 --- [    Test worker] com.zaxxer.hikari.HikariDataSource       : HikariPool-1 - Start completed.
2022-06-07 21:52:32.967  INFO 20672 --- [    Test worker] o.hibernate.jpa.internal.util.LogHelper  : HHH000204: Processing PersistenceUnitInfo [name: default]
2022-06-07 21:52:33.002  INFO 20672 --- [    Test worker] org.hibernate.dialect.Dialect            : HHH000400: Using dialect: org.hibernate.dialect.H2Dialect
2022-06-07 21:52:33.121  INFO 20672 --- [    Test worker] o.h.e.t.j.p.i.JtaPlatformInitiator       : HHH000490: Using JtaPlatform implementation: [org.hibernate.engine.transaction.jta.platform.internal.NoJtaPlatform]
2022-06-07 21:52:33.121  INFO 20672 --- [    Test worker] j.LocalContainerEntityManagerFactoryBean : Initialized JPA EntityManagerFactory for persistence unit 'default'
2022-06-07 21:52:33.432  WARN 20672 --- [    Test worker] JpaBaseConfiguration$JpaWebConfiguration : spring.jpa.open-in-view is enabled by default. Therefore, database queries may be performed during view rendering. Explicitly configure spring.jpa.open-in-view to disable this warning
2022-06-07 21:52:34.364  INFO 20672 --- [    Test worker] c.g.h.userorder.UserOrderTests           : Started UserOrderTests in 3.025 seconds (JVM running for 6.257)
Hibernate: insert into "user" (user_id, name) values (default, ?)
Hibernate: insert into "order" (order_id, title, user_id) values (default, ?, ?)
Hibernate: insert into "order" (order_id, title, user_id) values (default, ?, ?)
Hibernate: select order0_.order_id as order_id1_3_0_, order0_.title as title2_3_0_, order0_.user_id as user_id3_3_0_ from "order" order0_ where order0_.order_id=?
Hibernate: delete from "order" where order_id=?
Hibernate: select user0_.user_id as user_id1_9_0_, user0_.name as name2_9_0_ from "user" user0_ where user0_.user_id=?
Hibernate: select order0_.user_id as user_id3_3_0_, order0_.order_id as order_id1_3_0_, order0_.order_id as order_id1_3_1_, order0_.title as title2_3_1_, order0_.user_id as user_id3_3_1_ from "order" order0_ where order0_.user_id=?
order after remove: [OrderDetail{orderId=1, title='magazine'}]
Hibernate: select order0_.order_id as order_id1_3_, order0_.title as title2_3_, order0_.user_id as user_id3_3_ from "order" order0_
--orders
[OrderDetail{orderId=1, title='magazine'}]
]]></system-out>
  <system-err><![CDATA[]]></system-err>
</testsuite>
